Loading csv_900.p, ignoring data params.
Created network
Training...
/om/user/lbh/text-patterns/pinn/robustfill.py:109: UserWarning: invalid index of a 0-dim tensor. This will be an error in PyTorch 0.5. Use tensor.item() to convert a 0-dim tensor to a Python number
  return score.data[0]
Iteration 10 | Network loss: 32.38
(['Simao', 'Ofuya', 'Ofuya', 'Cappuccio'],) ---> 1
Iteration 20 | Network loss: 28.50
(['k', 'l', 'l', 'j'],) ---> 424e
Iteration 30 | Network loss: 26.99
(['GLOB', 'COF', 'DE', 'ITOT'],) ---> N659p4
Iteration 40 | Network loss: 27.64
(['23 Bridge Sq', '967 First Ave', '760 Park Ave', '694 Motor Pkwy'],) ---> )0 
Iteration 50 | Network loss: 28.10
(['01/05/2014', '09/05/2016', '24/07/2008', '08/05/2009'],) ---> e3
Iteration 60 | Network loss: 27.15
(['4.177917957', '0.378511637', '1.722465992', '0.925999403'],) ---> V0
Iteration 70 | Network loss: 25.75
(['0.704545455', '0.739376771', '0.666666667', '0.85'],) ---> s50621507V
Iteration 80 | Network loss: 26.32
(['Morrilton', 'Lynchburg', 'Lakeland', 'Titusville'],) ---> 0o0Li3
Iteration 90 | Network loss: 26.04
(['0.0755236464', '0.0122626384', '-0.0009580841', '1.0034196037'],) ---> 0o/.N
Iteration 100 | Network loss: 26.28
(['39289.23511', '64.5', '15948', '3523'],) ---> N490B2
Iteration 110 | Network loss: 25.71
(['WALNUT RIDGE', 'SHARON', 'KIMBALL', 'EL PASO'],) ---> E7dumE
Iteration 120 | Network loss: 25.28
(['01782 773528', '01652 652196', '01209 215845', '01303 267220'],) ---> 1A03SA72.
Iteration 130 | Network loss: 26.49
(['0.515', '0.453', '0.423', '0.463'],) ---> 5..W2023
Iteration 140 | Network loss: 25.07
(['03294670488', '00845910256', '02350210304', '90055620406'],) ---> +t-13314
Iteration 150 | Network loss: 24.37
(['233,294', '6010688', '5217080', '583778'],) ---> 1AVLA/T01A
Iteration 160 | Network loss: 25.01
(['800', '200', '195', '900'],) ---> V20D
Iteration 170 | Network loss: 24.56
(['M1 5FW', 'M2 3WQ', 'M4 6AJ', 'M22 1GD'],) ---> b2O.7025
Iteration 180 | Network loss: 25.40
(['377', '280', '78', '86'],) ---> u-.5
Iteration 190 | Network loss: 23.91
(['N', 'N', 'N', 'N'],) ---> 3zA1
Iteration 200 | Network loss: 25.69
(['paper', 'online', 'online', 'online'],) ---> 4ev089
Iteration 210 | Network loss: 24.58
(['8/2/1984', '2/2/1989', '6/17/1998', '8/13/1997'],) ---> -320t62
Iteration 220 | Network loss: 23.89
(['M15 6SZ', 'M2 7FD', 'M3 4LZ', 'M1 2PW'],) ---> t07V/e07
Iteration 230 | Network loss: 24.04
(['443', '790', '739', '416'],) ---> V48P-
Iteration 240 | Network loss: 24.08
(['West', 'West', 'West', 'N. East'],) ---> 7K7I_
Iteration 250 | Network loss: 23.40
(['percentage', 'nat frequency', 'percentage', 'percentage'],) ---> 820G02
Iteration 260 | Network loss: 24.28
(['N', 'N', 'N', 'Y'],) ---> 149
Iteration 270 | Network loss: 24.22
(['High', 'Low', 'Low', 'Low'],) ---> 28
Iteration 280 | Network loss: 25.12
(['Low', 'Medium', 'Medium', 'Low'],) ---> 30F
Iteration 290 | Network loss: 24.49
(['Q49', 'Q56', 'Q63', 'Q51'],) ---> C
Iteration 300 | Network loss: 24.83
(['Summers', 'Dickerson', 'Solis', 'Stewart'],) ---> 32B331
Iteration 310 | Network loss: 23.42
(['BORROW PIT', 'ARPLEY STREET', '46 LONDON ROAD', 'ROOMS 2-3'],) ---> a 52314D80
Iteration 320 | Network loss: 23.73
(['control', 'control', 'control', 'cut'],) ---> D2625A14
Iteration 330 | Network loss: 24.53
(['DL7 8JX', 'TS9 5AD', 'YO61 3AG', 'DL7 9PZ'],) ---> 2611a803p
Iteration 340 | Network loss: 23.76
(['ML', 'FRI', 'FL', 'SL'],) ---> a0
Iteration 350 | Network loss: 23.79
(['06/30/15', '06/30/15', '06/30/15', '06/30/15'],) ---> N100H02o76
Iteration 360 | Network loss: 23.33
(['2400', '1000', '13500', '149'],) ---> 1
Iteration 370 | Network loss: 25.10
(['43.876797', '43.602313', '44.081322', '44.324598'],) ---> NRv11. 308
Iteration 380 | Network loss: 23.49
(['9VVXR0132EV2', '9BEXR0220262', '9GMXR0176821', '9VWXR0230276'],) ---> Po0g/1O270
Iteration 390 | Network loss: 22.24
(['tcp', 'tcp', 'tcp', 'tcp'],) ---> 10C
Iteration 400 | Network loss: 23.34
(['C', 'E', 'G', 'J'],) ---> 1
Iteration 410 | Network loss: 20.99
(['4CRXE0101GDH', '4SKXR0120164', '4SKXR0120164', '4VVXR0130EV3'],) ---> DVA14_N0I0
Iteration 420 | Network loss: 20.70
(['194442', '359201', '144303', '144303'],) ---> 2(6m010
Iteration 430 | Network loss: 21.76
(['-1.954448', '-2.160116', '-2.370472', '-1.982233'],) ---> 31e.169.06
Iteration 440 | Network loss: 19.91
(['9MBXV06.0L2A', '9NSXV03.5GAB', '9VVXJ03.0U2T', '9CRXT03.82P0'],) ---> EdUbiPCMNG
Iteration 450 | Network loss: 20.71
(['000-048-542', '002-755-807', '018-771-581', '007-568-771'],) ---> 001/0.<.84
Iteration 460 | Network loss: 20.80
(['28250', '38877.96', '3225', '3064.17'],) ---> -R
Iteration 470 | Network loss: 21.44
(['113', '53', '97', '157'],) ---> 261
Iteration 480 | Network loss: 21.32
(['Motion Alarm', 'Motion Alarm', 'Motion Alarm', 'Motion Alarm'],) ---> Gcer r"eer
Iteration 490 | Network loss: 19.99
(['200002747597', '010013390312', '010008644079', '200003295711'],) ---> 0L.R475
Iteration 500 | Network loss: 20.12
(['-0.78359', '-2.82522', '0.50981', '-3.94723'],) --->  5743492
Iteration 510 | Network loss: 19.43
(['NA', 'NA', 'NA', 'NA'],) ---> 621
Iteration 520 | Network loss: 19.94
(['110.54', 'NA', 'NA', '110.02'],) ---> 508856
Iteration 530 | Network loss: 20.31
(['PAL06930', 'PAL03926', 'PAL00837', 'PAL05572'],) ---> RaCTM THB
Iteration 540 | Network loss: 20.43
(['LEV', 'ULEV', 'ULEV', 'LEV'],) ---> }A
Iteration 550 | Network loss: 19.20
(['75.216003', '75.018333', '75.243332', '74.693466'],) ---> 664.183645
Iteration 560 | Network loss: 19.55
(['after 2010', '2005 to 2009', 'after 2010', 'up to 2004'],) ---> 07.0180j A
Iteration 570 | Network loss: 18.80
(['0', 'NA', 'NA', '0'],) ---> 2
Iteration 580 | Network loss: 19.37
(['PERRY BARR', 'SELLY OAK', 'EDGBASTON', 'YARDLEY'],) ---> ALORAIGNE9
Iteration 590 | Network loss: 19.31
(['LEV', 'TIER 1', 'TIER 1', 'TLEV'],) ---> CC u
Iteration 600 | Network loss: 19.13
(['0.9941992541', '0.9997556245', '0.9997598823', '0.0715743229'],) ---> 117-64.651
Iteration 610 | Network loss: 18.44
(['B5', 'B5', 'L2', 'L2'],) ---> 6X
Iteration 620 | Network loss: 18.65
(['Cape May', 'Gloucester', 'Monmouth', 'Essex'],) ---> LAn ICOLL 
Iteration 630 | Network loss: 19.85
(['18.68', '10.01', '16.58', '34.61'],) ---> 0
Iteration 640 | Network loss: 18.90
(['141339', '140286', '451309', '041312'],) ---> 107951
Iteration 650 | Network loss: 18.21
(['NDTD', 'NDTD', 'NDTD', '830-D'],) ---> MRAC5
Iteration 660 | Network loss: 19.47
(['034', '088', '032', '089'],) ---> 617
Iteration 670 | Network loss: 19.02
(['6NSXR0120MBA', '6FMXR0185GAL', '6FMXR0165GBL', '6CRXR0150GHA'],) ---> 3TTRNN
Iteration 680 | Network loss: 19.24
(['63.451', '54.929', 'NA', 'NA'],) ---> -.5362
Iteration 690 | Network loss: 18.18
(['1227', '1876', '1313', '1111'],) ---> 09349
Iteration 700 | Network loss: 18.13
(['K61118', 'K62460', 'K58905', 'K23286'],) ---> 79000
Iteration 710 | Network loss: 18.98
(['21/06/2016', '13/05/2016', '13/05/2016', '28/02/2016'],) ---> 9523903480
Iteration 720 | Network loss: 18.77
(['un', 'un', 'dy', 'dy'],) ---> NL
Iteration 730 | Network loss: 18.30
(['NA', '71', 'NA', '81'],) ---> CR
Iteration 740 | Network loss: 17.52
(['1992-03-03', '1978-02-14', '1991-03-01', '1995-08-16'],) ---> 210 2024-1
Iteration 750 | Network loss: 18.20
(['Crumpsall', 'Hulme', 'Harpurhey', 'City Centre'],) ---> Xonl]Cieey
Iteration 760 | Network loss: 17.73
(['Intervention', 'Control', 'Intervention', 'Intervention'],) ---> Tiurb6loco
Iteration 770 | Network loss: 18.52
(['Northenden', 'City Centre', 'Baguley', 'Northenden'],) ---> varu6Cid
Iteration 780 | Network loss: 18.14
(['2840007874', '7874207709', '5070031556', '7874237352'],) ---> 103169/133
Iteration 790 | Network loss: 18.55
(['02:13:32', '15:23:57', '22:50:40', '00:41:51'],) ---> 22UT04.3
Iteration 800 | Network loss: 17.76
(['0.113891758', '0.0767570949', '0.9792686715', '1.0515533119'],) ---> 4.6.201547
Iteration 810 | Network loss: 19.39
(['-3.27829', '-0.24827', '-5.05347', '-0.14215'],) ---> 0.296020
Iteration 820 | Network loss: 19.52
(['-79.384177', '-77.596785', '-79.822416', '-79.636611'],) ---> 0.8486561
Iteration 830 | Network loss: 17.48
(['201100', '499500', '522200', '380300'],) ---> 1155047
Iteration 840 | Network loss: 16.92
(['Natrona', 'Los Angeles', 'Jackson', 'Monroe'],) ---> Cntalao
Iteration 850 | Network loss: 17.76
(['0.9094089484', '1.0012676926', '0.0002503452', '1.0020360438'],) ---> 3.2267.128
Iteration 860 | Network loss: 17.08
(['YCRXR0101GBD', 'YHNXR0160AAZ', 'YTYXE0095AE0', 'YGMXE0111906'],) ---> $0oll04i70
Iteration 870 | Network loss: 16.22
(['WA1 4RZ', 'WA4 1PL', 'WA2 8TX', 'WA4 2RH'],) ---> SO3-7,0
Iteration 880 | Network loss: 17.39
(['5376', '37122', '39169', '4431'],) ---> 4036
Iteration 890 | Network loss: 17.59
(['1.375%', '1.810%', '0.500%', '1.000%'],) ---> 1.-770
Iteration 900 | Network loss: 17.68
(['Evanahen', 'Vela', 'Wilkins', 'Garcia'],) ---> Lok
Iteration 910 | Network loss: 15.86
(['Adult', 'Junior', 'Dog', 'Junior'],) ---> Yopal
Iteration 920 | Network loss: 17.33
(['65 Newport Ave', '1399 Maine St', '110 E Main St', '567 Route 10'],) ---> 7.-0/A NR1
Iteration 930 | Network loss: 16.83
(['8', '5', '6', '7'],) ---> 6
Iteration 940 | Network loss: 16.81
(['-48.343826', '-48.362175', '-48.44281', '-48.357498'],) ---> .3592802
