Loading csv_900.p, ignoring data params.
Created network
Training...
/om/user/lbh/text-patterns/pinn/robustfill.py:109: UserWarning: invalid index of a 0-dim tensor. This will be an error in PyTorch 0.5. Use tensor.item() to convert a 0-dim tensor to a Python number
  return score.data[0]
Iteration 10 | Network loss: 26.61
(['DP, chicken', 'DP, chicken', 'DP, duck'],) ---> -
0
Iteration 20 | Network loss: 24.76
(['43.091217', '42.298826', '33.864223'],) ---> 1L0n[1D9m7
Iteration 30 | Network loss: 24.49
(['308339', '306041'],) ---> 9Ni49714R4
Iteration 40 | Network loss: 24.68
(['5.85885E-07', '5.85287E-07'],) ---> :rFcS2.7
Iteration 50 | Network loss: 24.16
(['-', '3.79'],) ---> 1
Iteration 60 | Network loss: 23.76
(['30.79', '17.88', '18.68', '23.15'],) ---> 97512
Iteration 70 | Network loss: 24.66
(['50.747456'],) ---> Cl.000/1n0
Iteration 80 | Network loss: 23.63
(['134.7', '266.1', '149.3'],) ---> 1se
Iteration 90 | Network loss: 25.32
(['M8 0PF', 'M14 4RL'],) ---> HX4.t0
Iteration 100 | Network loss: 23.55
(['M1 2GN', 'M1 3HU', 'M2 4JQ', 'M2 2FE'],) ---> B6g781e.6
Iteration 110 | Network loss: 23.15
(['E', 'A', 'A', 'A'],) ---> 42J
Iteration 120 | Network loss: 22.17
(['-34.96', '51.05'],) ---> 3.3446
Iteration 130 | Network loss: 23.79
(['9702492211', '3152871000', '4023685343', '9403843535'],) ---> 051221-00
Iteration 140 | Network loss: 23.48
(['PHYSICIAN', 'DENTIST', 'PHYSICIAN'],) ---> 494S029284
Iteration 150 | Network loss: 22.73
(['83.6', 'nd', '83.6'],) ---> C.7.
Iteration 160 | Network loss: 23.26
(['-72.01034', '-100.63052', '-87.99717', '-98.74504'],) ---> 004a50-'
Iteration 170 | Network loss: 22.94
(['3/23/10', '8/17/09'],) ---> 480055G
Iteration 180 | Network loss: 23.25
(['US'],) ---> Na
Iteration 190 | Network loss: 23.57
(['SRR3320508', 'SRR3320335', 'SRR3320872'],) ---> 0149/826
Iteration 200 | Network loss: 23.14
(['7:00 PM', '9:00 AM'],) ---> 1O1278L4n
Iteration 210 | Network loss: 22.95
(['44307', '21045'],) ---> $3050
slurmstepd: error: *** JOB 10873520 ON node038 CANCELLED AT 2018-05-14T05:43:25 ***
