Loading csv_900.p, ignoring data params.
Created network
Training...
/om/user/lbh/text-patterns/pinn/robustfill.py:109: UserWarning: invalid index of a 0-dim tensor. This will be an error in PyTorch 0.5. Use tensor.item() to convert a 0-dim tensor to a Python number
  return score.data[0]
Iteration 10 | Network loss: 27.67
(['0-934477', '0-944687', '0-936028', '0-941705'],) ---> }028a
Iteration 20 | Network loss: 25.07
(['un10', 'un08', 'gr12', 'un04'],) ---> /20
Iteration 30 | Network loss: 24.77
(['true', 'true', 'true', 'true'],) ---> 261P57
Iteration 40 | Network loss: 24.38
(['M4 4EZ', 'M22 5RE', 'M2 4JB', 'M12 6DA'],) ---> F4o00
Iteration 50 | Network loss: 24.64
(['07461', '35555', '11706', '15701'],) ---> 
Iteration 60 | Network loss: 25.31
(['2.67', '2.7', '3.51', '2.65'],) ---> N0M0
Iteration 70 | Network loss: 24.52
(['ENG', 'ENG', 'ENG', 'SCT'],) ---> -F
Iteration 80 | Network loss: 23.05
(['18.04.2008', '04.05.2016', '21.07.2017', '01.04.2015'],) ---> t51820140-
Iteration 90 | Network loss: 23.93
(['321 13TH AVE N', '0548 S 100 W', '611 NORTH MAIN', '2515 NEWTON ST'],) ---> 391
Iteration 100 | Network loss: 23.97
(['WA4 6NL', 'WA4 1AZ', 'WA2 7LT', 'WA2 7LT'],) ---> Fr140V00/
Iteration 110 | Network loss: 23.88
(['48689801.37', '173687.5', '91000', '20447897.2'],) ---> CT0X9125-/
Iteration 120 | Network loss: 23.18
(['Speed only', 'All', 'Speed only', 'East; Speed'],) ---> 00
Iteration 130 | Network loss: 22.64
(['13040312', '10636024', '12450924', '13385663'],) ---> 0.96v44t
Iteration 140 | Network loss: 22.62
(['+00:00:00', '+01:00:00', '+01:00:00', '+00:00:00'],) ---> Xi9SMe280
Iteration 150 | Network loss: 22.20
(['-77.440263', '-81.787083', '-77.50726', '-75.085418'],) ---> 30X..01a0s
Iteration 160 | Network loss: 22.93
(['6ADXV03.1374', '6VWXV03.2220', '6GMXB03.9146', '6VVXV02.5L2T'],) ---> ?/0R12a.P7
Iteration 170 | Network loss: 23.54
(['CAMPBELL', 'HUGGINS', 'EDMONSTON', 'DAVIES'],) ---> P43o9032
Iteration 180 | Network loss: 22.83
(['12/12/2002', '01/04/1990', '01/04/2005', '01/04/1990'],) ---> M1039849a
Iteration 190 | Network loss: 22.95
(['3136G2N60', '3136G2HZ3', '3136G2QK6', '3136G2UU9'],) ---> $281 .42
Iteration 200 | Network loss: 22.01
(['XGMXE0111908', 'XCRXE0101G2A', 'XGMXE0111908', 'XFMXR0105BAE'],) ---> -Y24n.00.u
Iteration 210 | Network loss: 21.95
(['Initial', 'Full Permit', 'Branch', 'Full Permit'],) ---> 1oaltg5
Iteration 220 | Network loss: 20.85
(['1.4787', '2.1617', '2.2743', '1.5017'],) ---> 161p2Q
Iteration 230 | Network loss: 22.23
(['Foley', 'Strickland', 'James', 'White'],) ---> @N0M
Iteration 240 | Network loss: 22.08
(['016', '079', '071', '077'],) ---> NP
Iteration 250 | Network loss: 21.71
(['141.5410486', '168.2317111', '173.1118696', '193.9508556'],) ---> C80T058.85
Iteration 260 | Network loss: 20.79
(['BAY TREE', 'WIFI SITE AT', 'SCOUT CENTRE', 'PART 4TH FLOOR'],) ---> 0SS-7 T0n
Iteration 270 | Network loss: 20.79
(['waq_ini', 'waq_eni', 'yanq_eni', 'llak_eni'],) ---> 4500RD
Iteration 280 | Network loss: 19.94
(['0.0666264933', '0.9957069067', '0.0548245057', '0.2758106449'],) ---> BH XFR6704
Iteration 290 | Network loss: 20.70
(['NA', 'NA', 'NA', 'NA'],) ---> N5
Iteration 300 | Network loss: 20.84
(['12', '570', '230', '7'],) ---> 36
Iteration 310 | Network loss: 18.78
(['21.88', '8.36', '36.22', '20.46'],) ---> 484455
Iteration 320 | Network loss: 20.46
(['01.04.1995', '31.01.2010', '01.09.2010', '17.03.2015'],) ---> 11841561-0
Iteration 330 | Network loss: 20.03
(['LC3', 'CO', 'CW3', 'CH1'],) ---> 765
Iteration 340 | Network loss: 19.73
(['02916500735', '97058720828', '01494810532', '01615450358'],) ---> 140090232-
Iteration 350 | Network loss: 18.44
(['2,707', '1,147', '1,125', '2,707'],) ---> 2.647
Iteration 360 | Network loss: 18.62
(['0', '2245', '970', '300'],) ---> 23
Iteration 370 | Network loss: 18.51
(['01.04.2015', '01.04.2010', '04.12.2009', '21.12.2016'],) ---> 83/044-436
Iteration 380 | Network loss: 18.92
(['01/04/2005', '09/08/2013', '01/04/2005', '29/09/2012'],) ---> 2601550999
Iteration 390 | Network loss: 19.44
(['S1', 'S0', 'S4', 'S2'],) ---> 22
Iteration 400 | Network loss: 19.36
(['9096258300', '6037884911', '8106065000', '5187258621'],) ---> 1003042/02
Iteration 410 | Network loss: 18.29
(['0.0002051', '0.0002856', '0.0004918', '0.0016969'],) ---> 3455504-84
Iteration 420 | Network loss: 18.09
(['+00:00:00', '+00:00:00', '+01:00:00', '+00:00:00'],) ---> 19/1.-005
Iteration 430 | Network loss: 17.50
(['LA', 'AL', 'NE', 'AL'],) ---> 1A
Iteration 440 | Network loss: 18.93
(['116.13', 'NA', 'NA', 'NA'],) ---> 29736
Iteration 450 | Network loss: 19.03
(['DP, chicken', 'DP, duck', 'DP, duck', 'DP, chicken'],) ---> Yi-/25oai
Iteration 460 | Network loss: 18.47
(['165.84', '0.84', '238.44', '179.52'],) ---> 137790
Iteration 470 | Network loss: 17.84
(['AL2ps5', 'AL2ps9', 'AL2ps2', 'AL2ps2'],) ---> DO3E79
Iteration 480 | Network loss: 17.77
(['019', '060', '057', '087'],) ---> 14
Iteration 490 | Network loss: 18.83
(['un08', 'gr09', 'dy04', 'dy01'],) ---> 91.9
Iteration 500 | Network loss: 17.92
(['0', '69', '44', '45'],) ---> 6
Iteration 510 | Network loss: 17.23
(['E', 'J', 'J', 'A'],) ---> E
Iteration 520 | Network loss: 16.29
(['1/22/16', '1/17/16', '1/21/16', '1/18/16'],) ---> 2402:0
Iteration 530 | Network loss: 17.69
(['300789', '351264', '347797', '338592'],) ---> 70174042
Iteration 540 | Network loss: 17.07
(['7189999999', '7182726422', '9086863400', '7183093038'],) ---> 4191833679
Iteration 550 | Network loss: 16.76
(['3', '83', '217', '39'],) ---> 1
Iteration 560 | Network loss: 16.07
(['TSHAWYTSCHA', 'NERKA', 'NERKA', 'TSHAWYTSCHA'],) ---> RGDOEEA OL
Iteration 570 | Network loss: 16.91
(['40.459', '37.374', '18.538', '24.818'],) ---> 222.49
Iteration 580 | Network loss: 16.00
(['8.38', '3.75', '4.55', '...'],) ---> 7.0
Iteration 590 | Network loss: 16.50
(['45.83', '5.58', '19.99', '355'],) ---> 173.08
Iteration 600 | Network loss: 17.88
(['Low', 'Low', 'Medium', 'Low'],) ---> Ml
Iteration 610 | Network loss: 15.01
(['M1 1DW', 'M2 2GB', 'M90 6BA', 'M15 6DX'],) ---> HXM48N
Iteration 620 | Network loss: 17.29
(['0.266', '0.262', '-', '-'],) ---> 1.108
Iteration 630 | Network loss: 15.42
(['180', '85', '453', '120'],) ---> 11
Iteration 640 | Network loss: 15.01
(['1', '3', '2', '3'],) ---> 1
Iteration 650 | Network loss: 15.77
(['N', 'n', 'n', 'N'],) ---> 0
Iteration 660 | Network loss: 16.25
(['11.3', '7.8', '7.6', '1.5'],) ---> 114.3
Iteration 670 | Network loss: 15.59
(['352768', '1336794', '1155554', '1157485'],) ---> 398770
Iteration 680 | Network loss: 15.12
(['true', 'true', 'true', 'true'],) ---> Enneceank
Iteration 690 | Network loss: 15.93
(['N06015500020', 'N08042609040', 'N18301609132', 'N01093500190'],) ---> 451-854-57
Iteration 700 | Network loss: 14.84
(['K61688', 'K56186', 'K56341', 'K60693'],) ---> CET5
Iteration 710 | Network loss: 14.86
(['0.0270581551', '0.5561688481', '1.0026174515', '0.5561688481'],) ---> 1.20444825
Iteration 720 | Network loss: 14.60
(['Medium', 'Bad', 'Good', 'Good'],) ---> Oxsex
Iteration 730 | Network loss: 14.86
(['llanq_eni', 'yarq_eni', 'wasq_eni', 'yarq_eni'],) ---> Disazd
Iteration 740 | Network loss: 14.80
(['DP, duck', 'DP, pigeon', 'DP, chicken', 'DP, chicken'],) ---> CCANc 1OIU
Iteration 750 | Network loss: 14.42
(['RUS/IK', 'F', 'J', 'UAE'],) ---> ferya-8iry
Iteration 760 | Network loss: 15.36
(['s1', 's12', 's16', 's21'],) ---> 42
Iteration 770 | Network loss: 15.21
(['Gauteng', 'KwaZulu-Natal', 'Mpumalanga', 'Mpumalanga'],) ---> Magroleoy
Iteration 780 | Network loss: 13.88
(['44793', '17628', '4992', '114426'],) ---> 25555
Iteration 790 | Network loss: 15.12
(['80', '80', '98', '131'],) ---> NN
Iteration 800 | Network loss: 14.87
(['PF3D7_1331400', 'PF3D7_1222500', 'PF3D7_0724500', 'PF3D7_0318200'],) ---> XFYR_0151R
Iteration 810 | Network loss: 15.09
(['PIE', 'OAK', 'HSV', 'SEA'],) ---> RCE
Iteration 820 | Network loss: 14.37
(['81', '68', '52', '56'],) ---> 35
Iteration 830 | Network loss: 13.40
(['2013-01-31', '2013-11-16', '2014-06-25', '2013-03-25'],) ---> 9036-2-002
Iteration 840 | Network loss: 14.66
(['3BYTT04.3217', '3BMXV02.5M56', '3FMXT03.82HA', '3GMXT04.3181'],) ---> 6GMXT05.13
Iteration 850 | Network loss: 16.04
(['3141', '3513', '726', '1856'],) ---> 86633
Iteration 860 | Network loss: 13.43
(['020 8672580', '020 8682 4376', '0333 200 1719', '020 8682 4376'],) ---> 079.062116
