Loading csv_900.p, ignoring data params.
Created network
Training...
/om/user/lbh/text-patterns/pinn/robustfill.py:109: UserWarning: invalid index of a 0-dim tensor. This will be an error in PyTorch 0.5. Use tensor.item() to convert a 0-dim tensor to a Python number
  return score.data[0]
Iteration 10 | Network loss: 31.53
(['5316446.359'],) ---> j|1$'M9$^Q
Iteration 20 | Network loss: 28.96
(['2014-10-28', '2014-06-07'],) ---> AiE?oe8\1v
Iteration 30 | Network loss: 26.89
(['Black Skimmer', 'Urban setting', 'Black Skimmer', 'Black Skimmer'],) ---> n/`~a51.S2
Iteration 40 | Network loss: 27.39
(['505'],) ---> E1
Iteration 50 | Network loss: 26.19
(['gustave', 'penaranda', 'fernandez', 'guedes'],) ---> y1
Iteration 60 | Network loss: 26.28
(['2000276', '2000203', '2000186'],) ---> 332n9Q910a
Iteration 70 | Network loss: 25.70
(['39.678495', '33.356981'],) ---> 
Iteration 80 | Network loss: 25.31
(['0.3314666179'],) ---> 003eE160hn
Iteration 90 | Network loss: 26.05
(['F', 'PFCL', 'F'],) ---> b
Iteration 100 | Network loss: 26.71
(['0.024654693', '0.034546483', '0.060955357'],) ---> yK266t4ai2
Iteration 110 | Network loss: 23.78
(['306055', '348789'],) ---> r6.055f
Iteration 120 | Network loss: 25.03
(['979-667-0715', '724-806-7996', '410-545-9736'],) ---> 1eNp05
Iteration 130 | Network loss: 24.96
(['341', '167', '293', '49'],) ---> 2O_;
Iteration 140 | Network loss: 26.27
(['01429 838323', '01934 712266', '01204 468296', '0161 9736024'],) ---> 4-0632
Iteration 150 | Network loss: 25.25
(['154627.00', '59546.00'],) ---> 10101e
Iteration 160 | Network loss: 23.82
(['4750', '6635', '7400', '3670'],) ---> 14D
Iteration 170 | Network loss: 24.62
(['2013-05-31'],) ---> 
Iteration 180 | Network loss: 25.45
(['PF3D7_1413200', 'PF3D7_0816400', 'PF3D7_0917800', 'PF3D7_0108500'],) ---> 7d
Iteration 190 | Network loss: 23.92
(['11.9'],) ---> C080
Iteration 200 | Network loss: 25.48
(['20141215', '20141209'],) ---> RDA5!0.
Iteration 210 | Network loss: 24.76
(['52.5542'],) ---> P 
Iteration 220 | Network loss: 23.53
(['3655122', '125630', '1287187', '4600000'],) ---> HB30641
Iteration 230 | Network loss: 23.45
(['YL02030', 'YL02047', 'YL02401'],) ---> W-65032I
Iteration 240 | Network loss: 23.64
(['F', 'F', 'F'],) ---> Kp
Iteration 250 | Network loss: 24.21
(['M3 4EN', 'M1 5FW', 'M2 5PE', 'M11 3DL'],) ---> 58853neN
Iteration 260 | Network loss: 23.83
(['0.7'],) ---> L
Iteration 270 | Network loss: 24.21
(['40LDT49', '273LDT01', '20LDT69', '40LDT50'],) ---> 110;54
Iteration 280 | Network loss: 23.84
(['5', '6', '5'],) ---> 0
Iteration 290 | Network loss: 22.95
(['2013-04-29', '2013-08-06', '2014-02-05'],) ---> e3x0419216
Iteration 300 | Network loss: 24.22
(['2a', '00a'],) ---> 12
Iteration 310 | Network loss: 22.26
(['R044', 'C036'],) ---> 155
Iteration 320 | Network loss: 22.70
(['DIR-655', 'DIR-615', 'DIR-625'],) ---> 055713S 0
Iteration 330 | Network loss: 22.91
(['+00:00:00'],) ---> 510
Iteration 340 | Network loss: 23.78
(['2.8'],) ---> 35Vw
Iteration 350 | Network loss: 22.95
(['-96.981858', '-77.201791', '-71.86345', '-84.440783'],) ---> 1M20E1 .40
Iteration 360 | Network loss: 23.76
(['45.5647301353', '45.5652472533', '45.5648073622'],) ---> B37A568OP1
Iteration 370 | Network loss: 22.18
(['heat'],) ---> M3
Iteration 380 | Network loss: 22.59
(['Adam', 'Daniel', 'Cara', 'Emily'],) ---> 3W6
Iteration 390 | Network loss: 22.11
(['64.2', '28.4'],) ---> 23-7uu
Iteration 400 | Network loss: 22.61
(['nd'],) ---> Brdn~
Iteration 410 | Network loss: 22.52
(['01/10/2013', '01/04/1995'],) ---> 753T38715-
Iteration 420 | Network loss: 21.24
(['Medium', 'Good', 'Medium', 'Bad'],) ---> Silbm|
Iteration 430 | Network loss: 22.13
(['Nondemented', 'Converted'],) ---> W  e
Iteration 440 | Network loss: 22.06
(['10.8', '2.7'],) ---> L/03
Iteration 450 | Network loss: 21.18
(['2013-05-21'],) ---> 31.071L311
Iteration 460 | Network loss: 20.42
(['4595-1', '618-1'],) ---> 1/.811
Iteration 470 | Network loss: 21.41
(['UF', 'BF'],) ---> 3
Iteration 480 | Network loss: 20.54
(['133.1'],) ---> 92061
Iteration 490 | Network loss: 20.62
(['KIR', 'LBY', 'PLW'],) ---> UiO"
Iteration 500 | Network loss: 20.86
(['CO', 'CO'],) ---> A0
Iteration 510 | Network loss: 19.74
(['Acer24', 'Acer24'],) ---> 1 L06
Iteration 520 | Network loss: 20.82
(['KS', 'AR'],) ---> A5
Iteration 530 | Network loss: 18.82
(['50', '30'],) ---> V2
Iteration 540 | Network loss: 20.24
(['C093', 'C056'],) ---> FP.2
Iteration 550 | Network loss: 19.74
(['84.982'],) ---> 10/200B
Iteration 560 | Network loss: 20.14
(['0.0116882955', '-0.0005852904', '0.9815657602'],) ---> 1711286763
Iteration 570 | Network loss: 19.73
(['NA', 'NA', 'NA'],) ---> OX
Iteration 580 | Network loss: 19.73
(['2.4'],) ---> 1 48D
Iteration 590 | Network loss: 19.87
(['?'],) ---> 07
Iteration 600 | Network loss: 19.80
(['5.263', '-6.08'],) ---> 111139
Iteration 610 | Network loss: 20.06
(['NA', 'NA', 'NA', 'NA'],) ---> UM
Iteration 620 | Network loss: 21.51
(['44.045', '21.972', '19.277', '20.547'],) ---> 2526345..
Iteration 630 | Network loss: 19.44
(['M3 4SB', 'M22 5WB', 'M9 1SP', 'M13 0PL'],) ---> u4 WP
Iteration 640 | Network loss: 19.43
(['A1', 'a1', 'a3'],) ---> L4
Iteration 650 | Network loss: 19.48
(['N01056009010', 'N06013729031', 'N01041900030', 'N01025200010'],) ---> 1120//7142
Iteration 660 | Network loss: 18.36
(['338INT04', '200INT14', '40INT45', '20INT04'],) ---> 040T NSORQ
Iteration 670 | Network loss: 19.19
(['FALSE', 'FALSE', 'TRUE'],) ---> CVTWB
Iteration 680 | Network loss: 19.29
(['462257', '3792647'],) ---> 4144.1154
Iteration 690 | Network loss: 19.70
(['2'],) ---> 19
Iteration 700 | Network loss: 18.75
(['30T2-13', '30INT11', '40INT02', '20T2-20'],) ---> 41.06.0
Iteration 710 | Network loss: 19.97
(['$15000000', '$15000000', '$15000000'],) ---> 43-0T2370
Iteration 720 | Network loss: 18.53
(['0.68478', '0.73871'],) ---> 1.77115
Iteration 730 | Network loss: 19.76
(['12', '54', '91'],) ---> 11
Iteration 740 | Network loss: 18.62
(['CFRD', 'CFRD'],) ---> uae 5edor
Iteration 750 | Network loss: 17.49
(['0.0056806153', '1.0975806716'],) ---> 10.5.23
Iteration 760 | Network loss: 18.09
(['11418', '10456'],) ---> 20s-5
Iteration 770 | Network loss: 18.21
(['14150', '10314', '89149', '29445'],) ---> X.3151
Iteration 780 | Network loss: 18.97
(['05/25/2016'],) ---> 1700020855
Iteration 790 | Network loss: 19.30
(['CO-3.5', 'CO-3.5'],) ---> MJ2TEk
Iteration 800 | Network loss: 18.94
(['01/14/13'],) ---> 22./2020
Iteration 810 | Network loss: 19.68
(['R'],) ---> Eu
Iteration 820 | Network loss: 18.03
(['1:00 AM'],) ---> -20-A152
Iteration 830 | Network loss: 17.84
(['WB', 'TN', 'GJ', 'BR'],) ---> NA
Iteration 840 | Network loss: 16.53
(['NA', 'NA', '63.009'],) ---> YT2
Iteration 850 | Network loss: 18.78
(['2390001426', '472126194'],) ---> 140.040151
Iteration 860 | Network loss: 17.51
(['ID_1111', 'ID_421'],) ---> %.2022
Iteration 870 | Network loss: 18.96
(['Investment', 'Live', 'Investment', 'Investment'],) ---> Lftgle
Iteration 880 | Network loss: 17.87
(['5.88217E-07', '5.74068E-07', '5.85287E-07', '5.88894E-07'],) ---> 17/44.7024
Iteration 890 | Network loss: 18.73
(['0.0134700572', '0.9961313164', '0.1655185077'],) ---> 3520457.37
Iteration 900 | Network loss: 18.43
(['4', '45'],) ---> N
Iteration 910 | Network loss: 17.46
(['13', '46.6', '13.5', '30.2'],) ---> 477
Iteration 920 | Network loss: 17.13
(['2257023'],) ---> 2200214
Iteration 930 | Network loss: 17.33
(['01/04/1990', '01/04/1990', '01/04/1990', '22/05/2010'],) ---> Y110/1/30
Iteration 940 | Network loss: 17.53
(['[X949]'],) ---> MNDM242F
Iteration 950 | Network loss: 17.83
(['s17', 's25', 's5', 's10'],) ---> N4
Iteration 960 | Network loss: 17.06
(['010001289317', '100052121554', '010001281977'],) ---> 5069399021
Iteration 970 | Network loss: 18.11
(['33765', '60619', '13662', '7452'],) ---> 354d
Iteration 980 | Network loss: 16.85
(['72'],) ---> 101
Iteration 990 | Network loss: 17.68
(['CADILLAC', 'ACURA', 'TOYOTA', 'CADILLAC'],) ---> TNEEMRGB B
Iteration 1000 | Network loss: 16.82
(['29/06/2016', '22/07/2016', '01/07/2016'],) ---> 09/2004008
Iteration 1010 | Network loss: 16.57
(['238.400000'],) ---> 00.033658
Iteration 1020 | Network loss: 16.44
(['47.108875', '47.041691', '47.031921', '47.070713'],) ---> 28.116.36
Iteration 1030 | Network loss: 17.34
(['401363'],) ---> 01035G
Iteration 1040 | Network loss: 16.90
(['PARKER', 'METCALF', 'MARRA'],) ---> BSVKLS
Iteration 1050 | Network loss: 16.61
(['-73.55527', '-81.64475', '-88.92968', '-122.21614'],) ---> 0.1903142
Iteration 1060 | Network loss: 16.72
(['2140', '2241', '2429', '2425'],) ---> 168
Iteration 1070 | Network loss: 17.20
(['54938', '226854', '71106'],) ---> 14645
Iteration 1080 | Network loss: 16.56
(['S6 1TT', 'TS1 3HY', 'CO15 5UH'],) ---> GC-21L
Iteration 1090 | Network loss: 15.95
(['050'],) ---> 47
Iteration 1100 | Network loss: 16.06
(['1/1/2012'],) ---> 0.004226
Iteration 1110 | Network loss: 16.08
(['187.4', '157.8'],) ---> 53.14
Iteration 1120 | Network loss: 16.45
(['150.6', '193.08', '170.76', '665.16'],) ---> 33.29
Iteration 1130 | Network loss: 17.46
(['no', 'yes', 'yes', 'YES'],) ---> OU
Iteration 1140 | Network loss: 17.52
(['Scotland', 'West Midlands', 'West Midlands'],) ---> Gwaen
Iteration 1150 | Network loss: 16.97
(['BANANGADY', 'KELGH-AR', 'KALA KOT'],) ---> NORSO LA9
Iteration 1160 | Network loss: 15.42
(['1025505'],) ---> 236-416
Iteration 1170 | Network loss: 16.16
(['0.36454'],) ---> 0.20142
Iteration 1180 | Network loss: 15.74
(['?', '1892', '1896'],) ---> B
Iteration 1190 | Network loss: 15.15
(['API'],) ---> YS0
Iteration 1200 | Network loss: 16.60
(['8.180000'],) ---> 0.000059
Iteration 1210 | Network loss: 15.71
(['387-2698', '383-1657', '386-9177'],) ---> 196-1749
Iteration 1220 | Network loss: 16.50
(['13570178', '13927267', '13389203'],) ---> 59905
Iteration 1230 | Network loss: 15.77
(['170.900000', '182.200000'],) ---> 14_.57001
Iteration 1240 | Network loss: 15.61
(['659183699', '670486103'],) ---> 659254.77
Iteration 1250 | Network loss: 16.05
(['1895'],) ---> 3757
Iteration 1260 | Network loss: 14.90
(['[X948]'],) ---> B_S432
Iteration 1270 | Network loss: 15.27
(['Kainsaz', 'Kainsaz', 'Kainsaz', 'Kainsaz'],) ---> Caev
Iteration 1280 | Network loss: 15.18
(['280000', '70500', '121000', '39750'],) ---> 288040
Iteration 1290 | Network loss: 14.85
(['1.0253080209'],) ---> 8.14128987
Iteration 1300 | Network loss: 15.71
(['12'],) ---> 95
Iteration 1310 | Network loss: 15.54
(['iii', 'i'],) ---> odty
Iteration 1320 | Network loss: 15.42
(['180', '289', '251', '270'],) ---> 2148
Iteration 1330 | Network loss: 15.23
(['Harrogate', 'Harrogate'],) ---> Wgoippes
Iteration 1340 | Network loss: 15.11
(['TRUE', 'TRUE', 'FALSE'],) ---> NYEE BAVNC
Iteration 1350 | Network loss: 15.76
(['12.5', '11'],) ---> 24.7r
Iteration 1360 | Network loss: 14.44
(['COMMON STOCK', 'COMMON STOCK'],) ---> ARL0E 3AV
Iteration 1370 | Network loss: 14.98
(['155669', '495294', '555792', '555746'],) ---> 49746
Iteration 1380 | Network loss: 14.88
(['3JCXV03.0DNE', '3GMXT05.3176', '3BMXV03.0M5R', '3VWXV02.0223'],) ---> 1AZMX0009e
Iteration 1390 | Network loss: 15.64
(['[X946]', '[X949]'],) ---> =&60262401
Iteration 1400 | Network loss: 14.68
(['2005-07-20'],) ---> 2615D5-037
Iteration 1410 | Network loss: 14.75
(['2915', '89119'],) ---> 1502
Iteration 1420 | Network loss: 15.10
(['32.379693', '33.195073', '29.581304', '43.299689'],) ---> -58.34788
Iteration 1430 | Network loss: 14.69
(['10v', '4v'],) ---> 84
Iteration 1440 | Network loss: 14.64
(['calories', 'print speed', 'comfort'],) ---> iqfienk
Iteration 1450 | Network loss: 14.78
(['LEV', 'LEV', 'LEV'],) ---> camem
Iteration 1460 | Network loss: 14.35
(['73348', '240950'],) ---> 31479
Iteration 1470 | Network loss: 15.05
(['0.60740', '0.61515'],) ---> 5.6000
Iteration 1480 | Network loss: 16.53
(['23/09/2008', '05/06/2008'],) ---> 16.50G1:10
Iteration 1490 | Network loss: 15.48
(['18', '41.5792'],) ---> 25
Iteration 1500 | Network loss: 15.91
(['0.47', '2.518', '0.294', '0'],) ---> 9/13.03
Iteration 1510 | Network loss: 15.67
(['0.674418605', '0.538461538', '0.652173913'],) ---> 2.51402959
Iteration 1520 | Network loss: 15.16
(['855-286-5901', '877-528-5606', '702-733-8820', '855-286-5901'],) ---> 200-220-21
Iteration 1530 | Network loss: 14.38
(['10/27/2023'],) ---> 27/02/2011
Iteration 1540 | Network loss: 14.57
(['Lau, Maritza', 'Lanham, Alex J', 'Weiser, Ina S'],) ---> Arothor
Iteration 1550 | Network loss: 14.43
(['Bin 5', 'HEAVY DUTY', 'Bin 5', 'Bin 5'],) ---> Sen cainsd
Iteration 1560 | Network loss: 14.94
(['2215a', '4I5a', '4v INC', '2215'],) ---> 19517.11
Iteration 1570 | Network loss: 15.03
(['5.94', '4.93'],) ---> 4d
Iteration 1580 | Network loss: 15.72
(['passed rules', 'passed rules', 'passed rules', 'passed rules'],) ---> nat 8rrorv
Iteration 1590 | Network loss: 15.66
(['DAP-3520', 'DGS-3100-48'],) ---> 
Iteration 1600 | Network loss: 15.00
(['384.9639855', '909.7862271', '721.2563122'],) ---> -92.827007
Iteration 1610 | Network loss: 15.50
(['OFFICE'],) ---> OGChan 4dJ
Iteration 1620 | Network loss: 14.46
(['N18403600050', 'N01009200152'],) ---> 1010995000
Iteration 1630 | Network loss: 13.97
(['0.13750352', '1.84799695', '2.23266077', '1.84799695'],) ---> 0.94024355
Iteration 1640 | Network loss: 15.11
(['NA'],) ---> NA
Iteration 1650 | Network loss: 14.25
(['up to 2004'],) ---> $dto Ma
Iteration 1660 | Network loss: 14.18
(['API', 'API', 'API', 'API'],) ---> YETs
Iteration 1670 | Network loss: 15.06
(['3.86', '3.75', '3.88'],) ---> 29.42
Iteration 1680 | Network loss: 14.60
(['2115', '1417'],) ---> 320
Iteration 1690 | Network loss: 13.50
(['Pensacola', 'Missouri City', 'Northborough'],) ---> Der( Awin4
Iteration 1700 | Network loss: 14.08
(['CO-3.2'],) ---> BELNE 7ES 
Iteration 1710 | Network loss: 13.90
(['Sun'],) ---> SCA
Iteration 1720 | Network loss: 14.55
(['$15000000', '$15000000'],) ---> +06 MM 300
Iteration 1730 | Network loss: 14.53
(['86', '242', '337'],) ---> 33
Iteration 1740 | Network loss: 14.64
(['625', '4183'],) ---> 251
Iteration 1750 | Network loss: 14.01
(['CANISTER'],) ---> AMTSTGCAH
Iteration 1760 | Network loss: 14.66
(['YFMXA05.4HGC'],) ---> OMTYXR2731
Iteration 1770 | Network loss: 14.96
(['44452', '45872', '92648'],) ---> 59092
Iteration 1780 | Network loss: 14.33
(['5.09', '5.63', '6.191'],) ---> 5.51
Iteration 1790 | Network loss: 14.67
(['COLONY PATIALA', 'LAMBLOO', 'SRIHARIPURAM'],) ---> RERLOSHEIP
Iteration 1800 | Network loss: 14.50
(['GREAT FALLS', 'IRVING', 'GRANTSBURG', 'CARTHAGE'],) ---> DOKSONE RO
Iteration 1810 | Network loss: 13.83
(['12961196', '13838744'],) ---> -3355672
Iteration 1820 | Network loss: 14.53
(['414.12', '190.32', '155.4', '414.12'],) ---> 564.01
Iteration 1830 | Network loss: 14.67
(['186.48', '158.52', '242.28'],) ---> 328.43
Iteration 1840 | Network loss: 13.68
(['7FMXR0185GBK', '7GMXR0133810'],) ---> 4FSDX_0U00
Iteration 1850 | Network loss: 13.10
(['28405', '6256'],) ---> 243111
Iteration 1860 | Network loss: 14.78
(['19.59761742', '297.6441817', '275.4310251', '92.07129803'],) ---> 87.1740950
Iteration 1870 | Network loss: 15.04
(['NA', 'NA', 'NA', 'NA'],) ---> NA
Iteration 1880 | Network loss: 13.74
(['un', 'dy'],) ---> tud
Iteration 1890 | Network loss: 14.40
(['NA'],) ---> NA
Iteration 1900 | Network loss: 13.74
(['3.66', '4.32', '4'],) ---> 3
Iteration 1910 | Network loss: 13.94
(['830-D'],) ---> 3017-55
Iteration 1920 | Network loss: 13.90
(['NA'],) ---> 148.6
Iteration 1930 | Network loss: 13.38
(['8.1', '6.6'],) ---> 8.9
Iteration 1940 | Network loss: 13.83
(['14.200000', '7.800000'],) ---> 0.400009
Iteration 1950 | Network loss: 13.10
(['79', '76'],) ---> 20
Iteration 1960 | Network loss: 14.02
(['12'],) ---> 12.
Iteration 1970 | Network loss: 13.57
(['75.369331', '74.955833', '75.21833'],) ---> 43.550059
Iteration 1980 | Network loss: 14.09
(['NA', 'NA'],) ---> NA
Iteration 1990 | Network loss: 14.11
(['222780', '268011'],) ---> 509685
Iteration 2000 | Network loss: 13.66
(['14416660'],) ---> 22065813
Iteration 2010 | Network loss: 13.22
(['70', '75'],) ---> 92
Iteration 2020 | Network loss: 13.82
(['O', 'O'],) ---> O
Iteration 2030 | Network loss: 13.60
(['1132'],) ---> 663
Iteration 2040 | Network loss: 14.27
(['868.85', '473.17'],) ---> 989.88
Iteration 2050 | Network loss: 14.09
(['Suave', 'Tampax Regular', 'Peroxide', 'peace tea'],) ---> Feloed
Iteration 2060 | Network loss: 13.89
(['55'],) ---> 1296
Iteration 2070 | Network loss: 12.74
(['WORCESTER', 'UNION'],) ---> UKNTADER P
Iteration 2080 | Network loss: 13.25
(['1003', '0429', '0720'],) ---> 220202
Iteration 2090 | Network loss: 13.26
(['1NSXR0110RCE'],) ---> 1SGXC0213J
Iteration 2100 | Network loss: 13.01
(['Knaresborough'],) ---> Fondon]
Iteration 2110 | Network loss: 13.61
(['-151.3427', '-151.33652'],) ---> -08.26497
Iteration 2120 | Network loss: 14.26
(['35183', '115387', '155808'],) ---> 31028
Iteration 2130 | Network loss: 12.97
(['0', '1.27', '7.62', '0'],) ---> 19.1
Iteration 2140 | Network loss: 13.49
(['40.02847'],) ---> 17.56144
Iteration 2150 | Network loss: 13.62
(['Beard', 'Dowdy'],) ---> BildlatO
Iteration 2160 | Network loss: 14.73
(['90', '65', '5', '28'],) ---> 71
Iteration 2170 | Network loss: 12.87
(['2.5', '2.72'],) ---> 0.4
Iteration 2180 | Network loss: 13.82
(['1586', '1178'],) ---> 5800
Iteration 2190 | Network loss: 13.75
(['66', '76', '73'],) ---> 92
Iteration 2200 | Network loss: 13.03
(['55.8727', '59.3028', '58.3279', '56.1942'],) ---> 94.50511
Iteration 2210 | Network loss: 14.02
(['-1680', '41101.71', '7540690.03', '41101.71'],) ---> 0305
Iteration 2220 | Network loss: 13.03
(['4:00 PM', '9:00 PM', '10:00 PM'],) ---> 290 DAN
Iteration 2230 | Network loss: 13.39
(['150', '112', '160'],) ---> 108
Iteration 2240 | Network loss: 13.90
(['111.3956843'],) ---> 581
Iteration 2250 | Network loss: 13.48
(['M', 'm', 'M'],) ---> J
Iteration 2260 | Network loss: 12.70
(['864', '18576', '6588', '2052'],) ---> 265
Iteration 2270 | Network loss: 12.28
(['-264.42'],) ---> -3312.085
Iteration 2280 | Network loss: 12.83
(['-151.3427', '-151.33291', '-151.33291'],) ---> -88.3415
Iteration 2290 | Network loss: 13.38
(['H', 'H', 'H'],) ---> M
Iteration 2300 | Network loss: 13.65
(['1.27', '7.62'],) ---> 1.98
Iteration 2310 | Network loss: 12.89
(['+02:00:00', '+02:00:00', '+10:00:00'],) ---> +00:00:00
Iteration 2320 | Network loss: 13.99
(['1668', '1685'],) ---> 33
Iteration 2330 | Network loss: 13.33
(['EWGS', 'QEFA', 'REV', 'RRF'],) ---> UGJ
Iteration 2340 | Network loss: 12.69
(['61', '25', 'NA', '71'],) ---> 97
Iteration 2350 | Network loss: 13.27
(['169.5', '203.3', '170.6'],) ---> NAs
Iteration 2360 | Network loss: 12.51
(['1.0028284102', '0.0921844907', '0.9985378827', '0.0087227499'],) ---> 0.02199719
Iteration 2370 | Network loss: 14.54
(['45.5647301449', '45.5652461269', '45.5652092252'],) ---> 56.7551174
Iteration 2380 | Network loss: 13.15
(['S', 'S'],) ---> P
Iteration 2390 | Network loss: 13.10
(['7.58', '4.83', '11.28', '8.7'],) ---> 5.66
Iteration 2400 | Network loss: 14.12
(['un', 'gr', 'gr'],) ---> I
Iteration 2410 | Network loss: 13.45
(['07094'],) ---> 0
Iteration 2420 | Network loss: 13.10
(['1,125', '1,529', '2,543'],) ---> 9,476
Iteration 2430 | Network loss: 13.25
(['2GMXR0175922', '2CRXE0174GEL', '2SZXR0175PE0', '2TKXR0115PPB'],) ---> 3NMXD0955F
Iteration 2440 | Network loss: 13.99
(['Clinical', 'Environment', 'Clinical', 'Clinical'],) ---> Bffriced
Iteration 2450 | Network loss: 12.81
(['3.042', '2.642', '2.849'],) ---> 2
Iteration 2460 | Network loss: 12.76
(['4480000101', '5070003975', '7641009350'],) ---> 883586000
Iteration 2470 | Network loss: 12.95
(['freehold', 'freehold'],) ---> uucehon Wl
Iteration 2480 | Network loss: 13.59
(['M1 2HF', 'M14 5GL', 'M19 3BT'],) ---> M1 9UL
Iteration 2490 | Network loss: 13.84
(['345.51'],) ---> 971.86
Iteration 2500 | Network loss: 12.67
(['MARKET STREET'],) ---> BAMARRRGE
Iteration 2510 | Network loss: 12.58
(['9/25/08'],) ---> 7/26/09
Iteration 2520 | Network loss: 11.62
(['01/10/2011'],) ---> 10/17/1919
Iteration 2530 | Network loss: 11.99
(['GP2', 'KN3', 'KN3'],) ---> CAn
Iteration 2540 | Network loss: 12.68
(['20570', '184454.2055', '102769.0764'],) ---> 20002
Iteration 2550 | Network loss: 12.60
(['2812'],) ---> 45
Iteration 2560 | Network loss: 12.63
(['0.74992'],) ---> 0.19017
Iteration 2570 | Network loss: 13.42
(['15_TEN_00009', '12_TEN_00251', '15_TEN_00435'],) ---> 30T_TR_000
Iteration 2580 | Network loss: 12.39
(['ID_787', 'ID_71', 'ID_351', 'ID_227'],) ---> SGK682
Iteration 2590 | Network loss: 12.53
(['14/09/2013', '18/08/2005'],) ---> 18/30/2010
Iteration 2600 | Network loss: 12.67
(['Freehold', 'Freehold'],) ---> Freh Aweol
Iteration 2610 | Network loss: 12.40
(['PAL02117', 'PAL06930'],) ---> PAD03132
Iteration 2620 | Network loss: 13.08
(['Female', 'Male', 'Male'],) ---> Fixed
Iteration 2630 | Network loss: 13.24
(['mmf2ljvyx', '46htofla8'],) ---> ndfokepted
Iteration 2640 | Network loss: 12.86
(['473', '519'],) ---> 7096
Iteration 2650 | Network loss: 12.40
(['5784', '4371', '6576'],) ---> 12055
Iteration 2660 | Network loss: 12.68
(['139', '306'],) ---> 189
Iteration 2670 | Network loss: 12.38
(['-96.775673', '-97.077499', '-101.083298', '-97.006668'],) ---> -142.34228
Iteration 2680 | Network loss: 11.83
(['4.64', '3.37'],) ---> ?
Iteration 2690 | Network loss: 12.72
(['Seattle', 'New Brunswick', 'Austin', 'Sterling'],) ---> Kediuly
Iteration 2700 | Network loss: 13.08
(['negative', 'positive'],) ---> nokpiak
Iteration 2710 | Network loss: 12.10
(['0-941705', '0-941690', '0-942268', '0-944687'],) ---> 15-1Q122
Iteration 2720 | Network loss: 12.85
(['13003199CF10A'],) ---> 4003161250
Iteration 2730 | Network loss: 12.66
(['Full Permit', 'Full Permit', 'Branch', 'Branch'],) ---> Incelgonma
Iteration 2740 | Network loss: 12.95
(['1662 Route 12', '399 N Broadway', '545 Broadway'],) ---> 1581 1 8 D
Iteration 2750 | Network loss: 13.56
(['Murphy, Eric M', 'Wang, Shaun', 'Kumar, Pramod', 'Zhao, Yi'],) ---> Fuuc Resti
Iteration 2760 | Network loss: 12.41
(['10024', '11423', '11378'],) ---> 54219
Iteration 2770 | Network loss: 12.59
(['9520-16000181', '9520-04000383'],) ---> 6910-04-12
Iteration 2780 | Network loss: 12.82
(['65.10'],) ---> 39.40
Iteration 2790 | Network loss: 13.24
(['10.090000', '12.400000', '22.690000'],) ---> 6.830000
Iteration 2800 | Network loss: 11.44
(['24'],) ---> 32
Iteration 2810 | Network loss: 13.51
(['37.68', '-22.52'],) ---> 31.729
Iteration 2820 | Network loss: 12.62
(['1111', '1425', '1876'],) ---> 1213
Iteration 2830 | Network loss: 11.92
(['18', '14'],) ---> 7.17
Iteration 2840 | Network loss: 12.31
(['5.00 NC  2.00', '5.00 NC  0.50', '3.00 NC  0.50', '5.00 NC  1.00'],) ---> 2.05 RR 4.
Iteration 2850 | Network loss: 12.35
(['10.16', '55.88', '58.42', 'NaN'],) ---> 15.67
Iteration 2860 | Network loss: 12.21
(['yes'],) ---> nu
Iteration 2870 | Network loss: 12.59
(['21', '53', '119', '2023'],) ---> 11
Iteration 2880 | Network loss: 12.79
(['005', '083'],) ---> 140
Iteration 2890 | Network loss: 12.67
(['128.8', '144.4'],) ---> 1115.204
Iteration 2900 | Network loss: 11.81
(['44715', '114348'],) ---> 50216
Iteration 2910 | Network loss: 12.29
(['N01080909086', 'N01086900216'],) ---> N050120005
Iteration 2920 | Network loss: 13.27
(['$9,121', '$15,847'],) ---> $14,825
Iteration 2930 | Network loss: 12.79
(['706'],) ---> 3560
Iteration 2940 | Network loss: 12.53
(['40.630492'],) ---> 74.893809
Iteration 2950 | Network loss: 12.77
(['7.74', '13.39'],) ---> 5.
Iteration 2960 | Network loss: 12.28
(['2.5', '002.0000', '001.0000', '0.05'],) ---> 7.33
Iteration 2970 | Network loss: 11.91
(['19', '32', '32'],) ---> 19
Iteration 2980 | Network loss: 11.96
(['208', '56', '139'],) ---> 121
Iteration 2990 | Network loss: 12.67
(['274.32'],) ---> 372.59
Iteration 3000 | Network loss: 12.43
(['m', 'm', 'm'],) ---> gl
Iteration 3010 | Network loss: 12.05
(['55.62422', '54.42276'],) ---> 86.19496
Iteration 3020 | Network loss: 11.94
(['FAUS', 'RRF', 'DYN-A', 'WFC-N'],) ---> KAPB
Iteration 3030 | Network loss: 11.85
(['220', '64'],) ---> 300
Iteration 3040 | Network loss: 12.30
(['02/12/2016', '02/17/2017', '11/27/2015', '09/30/2016'],) ---> 01/87/2201
Iteration 3050 | Network loss: 12.11
(['LEV', 'T1'],) ---> FA
Iteration 3060 | Network loss: 12.52
(['SYLD'],) ---> HCNS0DHD V
Iteration 3070 | Network loss: 12.99
(['-103.9902735'],) ---> -91.357821
Iteration 3080 | Network loss: 11.98
(['020 8780 5649', '020 8874 3682', '020 7350 5200', '020 8392 3678'],) ---> 0100 580 1
Iteration 3090 | Network loss: 11.99
(['M1 6DN', 'M90 1QX', 'M23 9BE', 'M11 1JG'],) ---> M3 9OH
Iteration 3100 | Network loss: 12.49
(['30LDT48', '290LDT13', '380LDV05'],) ---> 30LDT21
Iteration 3110 | Network loss: 13.42
(['1dez096ol', 'taabqbm9m'],) ---> 192505000
Iteration 3120 | Network loss: 12.71
(['US'],) ---> PF
Iteration 3130 | Network loss: 11.95
(['20/09/2014', '13/03/2014', '28/10/2016'],) ---> 02/19/2015
Iteration 3140 | Network loss: 13.13
(['0.784944294', '0.979043143'],) ---> 0.00096234
Iteration 3150 | Network loss: 11.75
(['3.15', '5.47', '4.9', '11.19'],) ---> 5.65
Iteration 3160 | Network loss: 12.65
(['wncm1k6zu', 'bkq5ty5hk', 'dn7for0mx'],) ---> bzbp,iavi2
Iteration 3170 | Network loss: 12.47
(['20/11/2012', '07/09/2009', '06/11/2013', '21/04/2010'],) ---> 16/07/2015
Iteration 3180 | Network loss: 11.62
(['Ka', 'L Ext'],) ---> C
Iteration 3190 | Network loss: 11.93
(['56.9214', '56.4191', '63.8063', '59.505'],) ---> 81.95255
Iteration 3200 | Network loss: 12.48
(['5905'],) ---> 8231
Iteration 3210 | Network loss: 11.76
(['2651', '347088', '370371'],) ---> 409896
Iteration 3220 | Network loss: 11.78
(['Adult'],) ---> Antion
Iteration 3230 | Network loss: 12.39
(['N01040309050', 'N01018200051'],) ---> N080128001
Iteration 3240 | Network loss: 11.99
(['NA', 'NA'],) ---> 35.59
Iteration 3250 | Network loss: 13.07
(['guide', 'bard', 'jardine', 'burnett'],) ---> fires
Iteration 3260 | Network loss: 12.93
(['40INT07', '265T2-14', '220T2-01', '40T2-42'],) ---> 30LDT06
Iteration 3270 | Network loss: 11.81
(['2073258'],) ---> 900086
Iteration 3280 | Network loss: 13.05
(['8162716000', '3176218063', '6507423200', '3364722000'],) ---> 4125420465
Iteration 3290 | Network loss: 11.76
(['36', '06'],) ---> 69
Iteration 3300 | Network loss: 11.95
(['72', '28'],) ---> 36
Iteration 3310 | Network loss: 12.31
(['15', '15'],) ---> 17
Iteration 3320 | Network loss: 12.76
(['87109'],) ---> 34000
Iteration 3330 | Network loss: 11.64
(['645 Bridge St'],) ---> 1130 beit 
Iteration 3340 | Network loss: 11.96
(['ALL'],) ---> LEV6
Iteration 3350 | Network loss: 13.30
(['619-645-7711', '602-264-6101'],) ---> 241-752-94
Iteration 3360 | Network loss: 12.89
(['CET', 'EST'],) ---> CGS
Iteration 3370 | Network loss: 12.22
(['Pork Cracklins', 'Lunchmeat'],) ---> Dled
Iteration 3380 | Network loss: 11.13
(['108.89', '87.792', 'NA'],) ---> 34.829
Iteration 3390 | Network loss: 11.77
(['396.24', '414.6'],) ---> 250.24
Iteration 3400 | Network loss: 12.12
(['-', '-', '-', '3.69'],) ---> 2
Iteration 3410 | Network loss: 12.43
(['IOL'],) ---> SMA
Iteration 3420 | Network loss: 12.03
(['Branch', 'Branch', 'Branch'],) ---> Kullann
Iteration 3430 | Network loss: 11.96
(['79.34'],) ---> 69.5
Iteration 3440 | Network loss: 11.74
(['84458', '455761', '1051302'],) ---> 7218
Iteration 3450 | Network loss: 11.75
(['16.51'],) ---> 21.27
Iteration 3460 | Network loss: 12.09
(['CANISTER', 'CANISTER', 'CANISTER'],) ---> CANILEV00
Iteration 3470 | Network loss: 11.27
(['180', '168.96', '155.28'],) ---> 436
Iteration 3480 | Network loss: 12.11
(['Converted', 'Nondemented'],) ---> Orlent
Iteration 3490 | Network loss: 11.81
(['1310208373225', '1310208763108'],) ---> 1311512578
Iteration 3500 | Network loss: 11.67
(['12/31/2014', '12/31/2016'],) ---> 11/21/2948
Iteration 3510 | Network loss: 12.15
(['ATGCATCG'],) ---> CGGTGANT
Iteration 3520 | Network loss: 11.92
(['349.83', '316.67', '245.9'],) ---> 43.411
Iteration 3530 | Network loss: 12.61
(['431', '912', '609', '668'],) ---> 173
Iteration 3540 | Network loss: 11.21
(['12/28/09', '4/5/10', '7/20/09', '2/22/10'],) ---> 5/99/01
Iteration 3550 | Network loss: 12.20
(['01/12/2013', '04/01/2006', '01/10/2005', '01/04/2008'],) ---> 01/09/2016
Iteration 3560 | Network loss: 12.17
(['SuperCenter', 'SuperCenter'],) ---> Surerond
Iteration 3570 | Network loss: 11.74
(['DL10 6AT', 'TS9 6DE', 'YO7 1QL', 'YO7 2PS'],) ---> CA600000
Iteration 3580 | Network loss: 12.79
(['ALL', 'ALL'],) ---> A
Iteration 3590 | Network loss: 11.35
(['ambient', 'ambient', 'ambient', 'ambient'],) ---> aviangafii
Iteration 3600 | Network loss: 11.95
(['TLEV', 'T1'],) ---> NYELIE
Iteration 3610 | Network loss: 12.56
(['40.3'],) ---> 24.8
Iteration 3620 | Network loss: 12.44
(['90.03', '342.64'],) ---> 0.88
Iteration 3630 | Network loss: 11.77
(['1206', '204'],) ---> 3818
Iteration 3640 | Network loss: 11.48
(['10/31/1989', '1/31/1990', '7/4/1981', '10/26/1994'],) ---> 22/80/1109
Iteration 3650 | Network loss: 11.21
(['B', 'A'],) ---> H
Iteration 3660 | Network loss: 11.63
(['281909.4', '288560.6127', '281219.65', '278825.1414'],) ---> 3358816
Iteration 3670 | Network loss: 12.40
(['210', '235', '200', '130'],) ---> 226
Iteration 3680 | Network loss: 12.75
(['4511'],) ---> 3404
Iteration 3690 | Network loss: 12.36
(['4050', '14250', '12000'],) ---> 379
Iteration 3700 | Network loss: 12.27
(['16', '22.627'],) ---> 35
Iteration 3710 | Network loss: 11.60
(['YL02045'],) ---> YL02347
Iteration 3720 | Network loss: 12.66
(['H', 'J', 'J', 'H'],) ---> S
Iteration 3730 | Network loss: 12.03
(['2.79', '2.74', '3.95'],) ---> 1.02
Iteration 3740 | Network loss: 11.08
(['Black Skimmer', 'Coyote', 'Egrets', 'Egrets'],) ---> Westhol
Iteration 3750 | Network loss: 11.68
(['2ND FLR', 'PART BASEMENT', 'CAR SPACE NO 1', 'GND FLOOR'],) ---> 31W2 MAWHT
Iteration 3760 | Network loss: 11.54
(['5.08'],) ---> 3.058
Iteration 3770 | Network loss: 11.56
(['3026296611', '7187803000'],) ---> 2019810205
Iteration 3780 | Network loss: 11.69
(['2000085', '2000218', '2000273', '2000150'],) ---> 2000059
Iteration 3790 | Network loss: 11.92
(['CHEVROLET'],) ---> GOBT SOAD
Iteration 3800 | Network loss: 12.10
(['138', '188', '31', '150'],) ---> 250
Iteration 3810 | Network loss: 11.85
(['OAS2_0071', 'OAS2_0076'],) ---> OAS2_2096
Iteration 3820 | Network loss: 12.25
(['-118.3157372', '-118.46777', '-118.291274'],) ---> -109.36046
Iteration 3830 | Network loss: 11.21
(['320'],) ---> 203
Iteration 3840 | Network loss: 11.69
(['803'],) ---> 863
Iteration 3850 | Network loss: 11.36
(['NA', 'NA'],) ---> NA
Iteration 3860 | Network loss: 11.96
(['No', 'N/A', 'No'],) ---> No
Iteration 3870 | Network loss: 11.47
(['4.64', '2.97', '4.1', '3.72'],) ---> 2.67
Iteration 3880 | Network loss: 12.03
(['66', '66'],) ---> 69
Iteration 3890 | Network loss: 10.96
(['40INT31'],) ---> 40HWA-05
Iteration 3900 | Network loss: 12.17
(['$5,926', '$2,032', '$1,012', '$1,067'],) ---> $6,551
Iteration 3910 | Network loss: 11.64
(['1MTXE0200A1A', '1GMXE0111911', '1FMXR0155BBE', '1MBXR0233LNZ'],) ---> 0CRXA05.0A
Iteration 3920 | Network loss: 11.18
(['105.000000', '187.300000'],) ---> 104.200000
Iteration 3930 | Network loss: 10.54
(['Acer24', 'Acer24', 'Birthday'],) ---> Acrangco
Iteration 3940 | Network loss: 11.75
(['COOK_181.2', 'COOK_183.0', 'COOK_174.0', 'COOK_177.6'],) ---> COOK_189.1
Iteration 3950 | Network loss: 10.78
(['DP, chicken'],) ---> DP, chicke
Iteration 3960 | Network loss: 12.00
(['669854518'],) ---> 719709547
Iteration 3970 | Network loss: 10.40
(['M1 6EU', 'M1 5AZ'],) ---> FN2 3EN
Iteration 3980 | Network loss: 11.95
(['3BYTT04.3227', '3GMXV02.2027', '3BMXV04.9S62'],) ---> 3GMXV08.03
Iteration 3990 | Network loss: 12.67
(['Mpumalanga', 'Mpumalanga', 'Mpumalanga'],) ---> Mpanefurt
Iteration 4000 | Network loss: 10.98
(['11750', '9100', '12000', '3300'],) ---> 5032
Iteration 4010 | Network loss: 11.20
(['619-645-7711'],) ---> 836-663-56
Iteration 4020 | Network loss: 11.75
(['31.07.2014', '31.05.2017', '14.01.2015'],) ---> 02.02.9135
Iteration 4030 | Network loss: 11.88
(['703.15', '7.9'],) ---> 899.96
Iteration 4040 | Network loss: 11.28
(['1902', '2002', '1310'],) ---> 1317
Iteration 4050 | Network loss: 11.59
(['US', 'US', 'US', 'US'],) ---> BE
Iteration 4060 | Network loss: 11.47
(['NO 6, ARCHES', 'UNIT 11', 'UNIT 3'],) ---> KAH BNOS B
Iteration 4070 | Network loss: 12.05
(['AL2ps9', 'AL2ps5', 'AL4288-1a'],) ---> AL1269
Iteration 4080 | Network loss: 11.45
(['133', '166'],) ---> 168
Iteration 4090 | Network loss: 12.87
(['45.5647297756', '45.5643616969', '45.5647298385'],) ---> 8.81236979
Iteration 4100 | Network loss: 12.25
(['1333852', '1257953'],) ---> 1546319
Iteration 4110 | Network loss: 11.68
(['336107.59', '42367325'],) ---> 997580
Iteration 4120 | Network loss: 11.20
(['97447840154', '92049780346', '03640020982'],) ---> 1031035885
Iteration 4130 | Network loss: 11.08
(['NA', 'NA', 'NA', 'NA'],) ---> 307.91
Iteration 4140 | Network loss: 12.03
(['108.0', '87.4'],) ---> 139.22
Iteration 4150 | Network loss: 11.96
(['3342766', '602271.76', '71144841', '2500000'],) ---> 3921884
Iteration 4160 | Network loss: 11.36
(['1869', '1861', '1878', '1888'],) ---> 1075
Iteration 4170 | Network loss: 11.38
(['78.25'],) ---> 72.29
Iteration 4180 | Network loss: 11.15
(['MHR', 'RWJ', 'MTZ'],) ---> FIC
Iteration 4190 | Network loss: 12.51
(['HG4 1QW'],) ---> AS5 2DH
Iteration 4200 | Network loss: 12.39
(['5175'],) ---> 7178
Iteration 4210 | Network loss: 12.54
(['341510'],) ---> 1174732
Iteration 4220 | Network loss: 11.40
(['freehold', 'freehold', 'freehold'],) ---> fyehold
Iteration 4230 | Network loss: 11.07
(['1/12/15'],) ---> 1/24/20
Iteration 4240 | Network loss: 11.30
(['n', 'n'],) ---> N
Iteration 4250 | Network loss: 11.39
(['9.360000', '8.590000', '12.590000'],) ---> 12.640000
Iteration 4260 | Network loss: 12.37
(['3005887', '1958016', '2760169'],) ---> 15788995
Iteration 4270 | Network loss: 11.48
(['0.0129906566', '0.0136550063', '0.0926885421', '0.0236453727'],) ---> 1.95008227
Iteration 4280 | Network loss: 11.39
(['42', '30'],) ---> 10
Iteration 4290 | Network loss: 11.61
(['TP', 'BS', 'NO'],) ---> US
Iteration 4300 | Network loss: 10.61
(['[X950]'],) ---> [X449]
Iteration 4310 | Network loss: 12.19
(['-89.4215', '-148.1966'],) ---> -933.14967
Iteration 4320 | Network loss: 10.75
(['97045105TC30A', '13021541MM10A', '13007024CF10A'],) ---> 13016801MN
Iteration 4330 | Network loss: 11.21
(['3.3665', '3.16492', '2.93696'],) ---> 3.6090
Iteration 4340 | Network loss: 11.96
(['1445212800.0', '1380758400.0', '1373500800.0', '1374192000.0'],) ---> 1315542920
Iteration 4350 | Network loss: 11.82
(['7114.0999', '7155.5001'],) ---> 57560.6988
Iteration 4360 | Network loss: 11.86
(['nd', '44951', 'nd'],) ---> 8.19
Iteration 4370 | Network loss: 11.51
(['3284', '592'],) ---> 13
Iteration 4380 | Network loss: 12.30
(['3.81', '-', '3.74', '-'],) ---> 1
Iteration 4390 | Network loss: 11.13
(['S8', 'S0', 'S0', 'S0'],) ---> S6
Iteration 4400 | Network loss: 11.68
(['1046589695'],) ---> 113359021
Iteration 4410 | Network loss: 11.81
(['0.997214614', '0.0945831389', '0.9984280856'],) ---> 0.5063
Iteration 4420 | Network loss: 10.81
(['ERDINGTON'],) ---> EHUPOGSCEV
Iteration 4430 | Network loss: 11.21
(['YES'],) ---> N/A
Iteration 4440 | Network loss: 11.83
(['New York', 'Eddington', 'Littleton'],) ---> S Avarm
Iteration 4450 | Network loss: 11.28
(['1875', '1877', '?', '?'],) ---> 1411
Iteration 4460 | Network loss: 11.64
(['M', 'F'],) ---> M
Iteration 4470 | Network loss: 10.79
(['273', '137', '242'],) ---> 134
Iteration 4480 | Network loss: 12.06
(['-156.0996667', '146.4721', '-122.8233337', '-147.4525'],) ---> -81.992826
Iteration 4490 | Network loss: 10.92
(['19950'],) ---> 13130
Iteration 4500 | Network loss: 11.86
(['0', '57', '46'],) ---> 0
Iteration 4510 | Network loss: 11.13
(['-148.1966', '-156.0996667', '-122.8069992', '109.922'],) ---> -423.661
Iteration 4520 | Network loss: 11.04
(['a_qe', 'c_qi', 'c_qi', 'b_ke'],) ---> a_qe
Iteration 4530 | Network loss: 11.93
(['YO26 7QF'],) ---> DB3 2QQ
Iteration 4540 | Network loss: 11.26
(['XCRXE0174GDH', 'XCRXE0101G3H', 'XTYXE0095AE0', 'XDSXR016511A'],) ---> XGMXE0-840
Iteration 4550 | Network loss: 11.31
(['Mpumalanga'],) ---> Mpumalanda
Iteration 4560 | Network loss: 11.77
(['3FMXR0115FAE'],) ---> 3f0XV01.0F
Iteration 4570 | Network loss: 11.07
(['13126', '39120', '15320', '35594'],) ---> 21312
Iteration 4580 | Network loss: 11.60
(['5587'],) ---> 18843
Iteration 4590 | Network loss: 10.91
(['7CRXV05.7MD0', '7GMXK06.0388', '7GMXT03.7187'],) ---> 9CRXG024-3
Iteration 4600 | Network loss: 11.37
(['1.9', '5.1', '4.6'],) ---> 1.06
Iteration 4610 | Network loss: 11.27
(['337627', '330291', '352089'],) ---> 540425
Iteration 4620 | Network loss: 11.60
(['9', '6'],) ---> 118
Iteration 4630 | Network loss: 10.97
(['[X948]', '[X950]'],) ---> [X981]
Iteration 4640 | Network loss: 10.53
(['ui4', 'ui2'],) ---> ui1
Iteration 4650 | Network loss: 11.61
(['4.01B01', '1.02', '1.12', '1.05'],) ---> 4.71
Iteration 4660 | Network loss: 11.15
(['1157', '304', '7994'],) ---> 1328
Iteration 4670 | Network loss: 10.38
(['Greenville'],) ---> Broylwase
Iteration 4680 | Network loss: 11.27
(['Nov-64', 'Nov-68', 'Jul-64', 'Mar-71'],) ---> Neg-P5
Iteration 4690 | Network loss: 10.83
(['1859', '1895', '1867', '1878'],) ---> 578
Iteration 4700 | Network loss: 11.03
(['h'],) ---> B
Iteration 4710 | Network loss: 10.75
(['349252', '351021'],) ---> 406422
Iteration 4720 | Network loss: 11.01
(['(507) 864-7714'],) ---> (982) 745-
Iteration 4730 | Network loss: 10.95
(['-6.2', '-14.3', '1.3'],) ---> -6.2
Iteration 4740 | Network loss: 10.79
(['-99.68189722', '-97.60073389', '-106.3778056'],) ---> -80.745067
Iteration 4750 | Network loss: 11.40
(['SuperCenter', 'SuperCenter'],) ---> SuperCente
Iteration 4760 | Network loss: 11.07
(['LOS ANGELES', 'FORT MADISON', 'CIRCLE'],) ---> CORDCOSETY
Iteration 4770 | Network loss: 11.06
(['0.405', '0.432', '0.42', '0.528'],) ---> 0.720
Iteration 4780 | Network loss: 10.94
(['9340', '2564'],) ---> 5597
Iteration 4790 | Network loss: 11.15
(['1.0045491336', '1.0127746683', '0.0970117602', '1.0031888832'],) ---> 0.07982336
Iteration 4800 | Network loss: 11.50
(['2159402'],) ---> 2935415
Iteration 4810 | Network loss: 11.19
(['Wal-MartStore'],) ---> U-ar-28
Iteration 4820 | Network loss: 11.03
(['nd', '53.0', '65.0'],) ---> nd
Iteration 4830 | Network loss: 11.81
(['-71.434326', '-81.597849'],) ---> -15.691791
Iteration 4840 | Network loss: 11.00
(['CTA', 'PO', 'IOL'],) ---> MFK
Iteration 4850 | Network loss: 10.46
(['5', '8'],) ---> 8
Iteration 4860 | Network loss: 10.25
(['78'],) ---> 80
Iteration 4870 | Network loss: 11.90
(['5.00', '2.42', '4.77', '3.87'],) ---> 3.75
Iteration 4880 | Network loss: 11.22
(['18405', '19450', '22224', '3957'],) ---> 19389
Iteration 4890 | Network loss: 10.78
(['638', '5234'],) ---> 825
Iteration 4900 | Network loss: 10.82
(['$2,032', '$241'],) ---> $t,003
Iteration 4910 | Network loss: 11.13
(['195.200000', '269.100000', '215.700000', '209.500000'],) ---> 619.480000
Iteration 4920 | Network loss: 11.04
(['Hargraves'],) ---> fimoly
Iteration 4930 | Network loss: 11.59
(['75', '83'],) ---> 88
Iteration 4940 | Network loss: 10.49
(['0.9849109949', '1.0022854832', '0.0196393636'],) ---> 0.03357133
Iteration 4950 | Network loss: 11.29
(['20 Central Row'],) ---> 0ostre
Iteration 4960 | Network loss: 11.03
(['ford', 'plymouth'],) ---> fardenn
Iteration 4970 | Network loss: 11.00
(['4315', '3282', '4990', '2852'],) ---> 2004
Iteration 4980 | Network loss: 10.86
(['6:00 PM'],) ---> 8:00 PM
Iteration 4990 | Network loss: 11.30
(['ak'],) ---> ub
Iteration 5000 | Network loss: 10.55
(['12/10/14', '2/24/16'],) ---> 10/12/04
Iteration 5010 | Network loss: 10.61
(['3014145'],) ---> 5095817
Iteration 5020 | Network loss: 10.88
(['331544', '347080'],) ---> 781501
Iteration 5030 | Network loss: 10.39
(['2.31', '4.08'],) ---> 2.04
Iteration 5040 | Network loss: 11.21
(['DAP-1522', 'DGS-3620-28PC', 'DES-3010FA', 'DGL-4100'],) ---> DEIRIG030
Iteration 5050 | Network loss: 11.61
(['M', 'M', 'M'],) ---> R
Iteration 5060 | Network loss: 11.11
(['Sub-annual'],) ---> Lat-pwand
Iteration 5070 | Network loss: 11.18
(['COOK', 'COOK'],) ---> MELE
Iteration 5080 | Network loss: 10.42
(['0.9984831402', '0.0676812251', '0.2060199507', '0.0114143432'],) ---> 0.90225387
Iteration 5090 | Network loss: 10.58
(['5.879', '5.176'],) ---> 4.3109
Iteration 5100 | Network loss: 11.26
(['XDSXR016511A', 'XCRXE0174G3H', 'XHYXR0134PER'],) ---> XFMXE0115J
Iteration 5110 | Network loss: 10.38
(["k'e", "q'i", "q'i"],) ---> k'e
Iteration 5120 | Network loss: 10.29
(['01/03/2014', '01/04/1995', '01/07/2013', '15/10/2012'],) ---> 01/05/2008
Iteration 5130 | Network loss: 11.24
(['toyota', 'amc', 'vw'],) ---> pasten ami
Iteration 5140 | Network loss: 10.92
(['11219', '11004', '10461'],) ---> 10201
Iteration 5150 | Network loss: 11.71
(['12'],) ---> 34.0907505
Iteration 5160 | Network loss: 10.93
(['-442.62'],) ---> -58.855
Iteration 5170 | Network loss: 11.35
(['45 CRAVEN ROAD', '2 SCHOOL LANE'],) ---> CO0MIT 6EL
Iteration 5180 | Network loss: 10.55
(['18', '12', '12', 'NA'],) ---> 2
Iteration 5190 | Network loss: 10.71
(['1791', '12204'],) ---> nd
Iteration 5200 | Network loss: 11.06
(['8.82', '129.67', '31.22'],) ---> 4.79
Iteration 5210 | Network loss: 10.99
(['-71.16273', '-80.8564', '-96.331354', '-72.29263'],) ---> -75.882218
Iteration 5220 | Network loss: 10.88
(['passed rules'],) ---> passed url
Iteration 5230 | Network loss: 10.62
(['-105.4362631', '-102.9102874', '-103.3411574', '-105.2670908'],) ---> -183.04645
Iteration 5240 | Network loss: 10.80
(['81652.01', '45283.33'],) ---> 51802.10
Iteration 5250 | Network loss: 10.50
(['SA', 'SA', 'SA'],) ---> JL
Iteration 5260 | Network loss: 11.52
(['470LDV05', '570LDT02', '30LDV03', '560LDV14'],) ---> 200LDT11
Iteration 5270 | Network loss: 11.31
(['Control', 'Control', 'Control'],) ---> Country
Iteration 5280 | Network loss: 11.06
(['FMF94', 'FNA15', 'FA875', 'FNC84'],) ---> MK358
Iteration 5290 | Network loss: 11.51
(['20LDT53', '30LDT58'],) ---> 30LTL-09
Iteration 5300 | Network loss: 10.87
(['K0L1A0', 'P0T1W0', 'L1K1K8', 'K1P1A5'],) ---> Z0A02000
Iteration 5310 | Network loss: 10.95
(['Freehold', 'Freehold', 'Freehold', 'Freehold'],) ---> Bracid FaQ
Iteration 5320 | Network loss: 11.57
(['2013-08-09', '2015-11-03', '2015-02-20'],) ---> 0102-0978
Iteration 5330 | Network loss: 10.01
(['2076893', '1969079'],) ---> 2135416
Iteration 5340 | Network loss: 11.07
(['Clinical', 'Environment', 'Environment', 'Clinical'],) ---> Clinical
Iteration 5350 | Network loss: 11.59
(['132266', '289597'],) ---> 23369
Iteration 5360 | Network loss: 10.29
(['379', '1'],) ---> 2302
Iteration 5370 | Network loss: 11.30
(['Akron', 'Peoria', 'Asheville'],) ---> Barfingan
Iteration 5380 | Network loss: 10.97
(['0.9942365299', '0.0790145627', '0.2120636044'],) ---> 0.08897858
Iteration 5390 | Network loss: 11.25
(['5318387.303', '5318486.995'],) ---> 6526842.57
Iteration 5400 | Network loss: 11.54
(['DCS-825L', 'DSD-150'],) ---> WCB-1000
Iteration 5410 | Network loss: 9.41
(['3354', '280', '3219', '6345'],) ---> 1362
Iteration 5420 | Network loss: 10.81
(['0.7770695617', '0.0179592848', '0.0337248397', '0.0083715977'],) ---> 0.00345629
Iteration 5430 | Network loss: 11.58
(['53.59064', '57.1555', '51.21815', '51.58623'],) ---> 39.92818
Iteration 5440 | Network loss: 11.42
(['Halina Finch'],) ---> Dec, Jame
Iteration 5450 | Network loss: 11.40
(['Speed only'],) ---> Speed only
Iteration 5460 | Network loss: 10.83
(['13000', '2750', '14000'],) ---> 58130
Iteration 5470 | Network loss: 11.36
(['ENG'],) ---> SCT
Iteration 5480 | Network loss: 10.27
(['LEV-II LEV'],) ---> W_3 3E
Iteration 5490 | Network loss: 11.50
(['0.9935254249', '-0.0007712148', '0.9935254249'],) ---> 0.97684585
Iteration 5500 | Network loss: 12.22
(['IOL'],) ---> IOL
Iteration 5510 | Network loss: 11.09
(['Tulsa', 'Riyadh', 'Houston', 'Dubai'],) ---> Thiibiolis
Iteration 5520 | Network loss: 10.64
(['12370826', '13873113', '13415772', '13984352'],) ---> 15136215
Iteration 5530 | Network loss: 10.49
(['CFRD'],) ---> NGT
Iteration 5540 | Network loss: 11.12
(['Nashua', 'Wildwood', 'Leonia'],) ---> Churphall
Iteration 5550 | Network loss: 10.97
(['057'],) ---> 064
Iteration 5560 | Network loss: 11.97
(['679197204', '667328197', '663800947'],) ---> 2953030426
Iteration 5570 | Network loss: 10.84
(['3VVXR0133C70', '3GMXE0223926'],) ---> 3SKXA03.90
Iteration 5580 | Network loss: 10.59
(['14.2', 'NA'],) ---> 0
Iteration 5590 | Network loss: 10.97
(['40LDT06', '640LDV10', '196LDV03', '40LDV10'],) ---> 40LDT66
Iteration 5600 | Network loss: 11.33
(['1062.16', '140.32', '544.71', '0'],) ---> 2417.29
Iteration 5610 | Network loss: 11.44
(['03/11/2016', '05/26/2016', '10/22/2015'],) ---> 07/22/2005
Iteration 5620 | Network loss: 10.15
(['$0.50', '$0.50'],) ---> $0.39
Iteration 5630 | Network loss: 10.09
(['HG4 3DZ'],) ---> HG9 3LD
Iteration 5640 | Network loss: 10.30
(['74.15697455', '76.71559811', '76.70658588', '74.32076097'],) ---> 336.316011
Iteration 5650 | Network loss: 11.29
(['AL2ps5'],) ---> AK25v9
Iteration 5660 | Network loss: 10.62
(['186.4', '179.0', 'nd', 'nd'],) ---> 145.5
Iteration 5670 | Network loss: 10.66
(['K33', '27'],) ---> K82
Iteration 5680 | Network loss: 10.64
(['1123060054', '751610737', '856345185'],) ---> 9097318842
Iteration 5690 | Network loss: 12.18
(['0.9792686715', '0.176098725', '0.05334783'],) ---> 0.00435587
Iteration 5700 | Network loss: 10.38
(['?', '2.64705'],) ---> ?
Iteration 5710 | Network loss: 10.58
(['37656', '67428'],) ---> 44033
Iteration 5720 | Network loss: 10.42
(['23696'],) ---> 146497
Iteration 5730 | Network loss: 10.31
(['SALINA', 'MANSFIELD'],) ---> ENFKAT
Iteration 5740 | Network loss: 11.11
(['4CRXR0218XDH', '4PRXR0110R96'],) ---> 4TYXV02.0F
Iteration 5750 | Network loss: 10.50
(['240', '220', '340', '40'],) ---> 208
Iteration 5760 | Network loss: 11.87
(['12', '12'],) ---> 10
Iteration 5770 | Network loss: 10.52
(['cut', 'cut'],) ---> cut
Iteration 5780 | Network loss: 10.59
(['$106,000'],) ---> $36,900
Iteration 5790 | Network loss: 11.22
(['Expired'],) ---> Expired
Iteration 5800 | Network loss: 10.19
(['LEV', 'LEV', 'LEV', 'ULEV'],) ---> Ha 5SD
Iteration 5810 | Network loss: 10.40
(['0.0379502514'],) ---> 0.99949831
Iteration 5820 | Network loss: 11.22
(['3,316', '1,099', '3,316'],) ---> 2,261
Iteration 5830 | Network loss: 10.89
(['$82,974', '$160,901', '$99,984'],) ---> $124,104
Iteration 5840 | Network loss: 9.89
(['LEV-II LEV', 'Bin 5'],) ---> LEV-II WAU
Iteration 5850 | Network loss: 11.75
(['9PRXR0190R9D'],) ---> 92SXR0170A
Iteration 5860 | Network loss: 10.49
(['1443118.0'],) ---> 5568513.07
Iteration 5870 | Network loss: 10.62
(['Morrilton', 'Troy', 'Dallas', 'West Jefferson'],) ---> Conyen Cle
Iteration 5880 | Network loss: 11.01
(['19980237087', 'Not Online', '19770010721', '19770013926'],) ---> 141000932
Iteration 5890 | Network loss: 10.90
(['Food', 'Bills', 'Fuel', 'Food'],) ---> Condory
Iteration 5900 | Network loss: 10.69
(['Clinical', 'Clinical', 'Clinical', 'Clinical'],) ---> Clinical
Iteration 5910 | Network loss: 9.77
(['10.01'],) ---> 15.95
Iteration 5920 | Network loss: 10.51
(['13', '35', '16', '3'],) ---> 0
Iteration 5930 | Network loss: 10.92
(['271700', '150000', '150000'],) ---> 92354.1438
Iteration 5940 | Network loss: 10.69
(['Scotland', 'Scotland', 'Germany'],) ---> Dellen
Iteration 5950 | Network loss: 10.72
(['139', '220'],) ---> 324
Iteration 5960 | Network loss: 11.34
(['331821'],) ---> 160179
Iteration 5970 | Network loss: 10.33
(['Germany'],) ---> Rigeh
Iteration 5980 | Network loss: 11.38
(['0', '#VALUE!'],) ---> 80.21
Iteration 5990 | Network loss: 10.67
(['0-944687', '0-941705'],) ---> 0-848787
Iteration 6000 | Network loss: 9.44
(['62', '25', '26'],) ---> 57
Iteration 6010 | Network loss: 10.14
(['ak', 'ak', 'ci', 'ak'],) ---> nc
Iteration 6020 | Network loss: 10.50
(['1', '0', '1', '1'],) ---> 8
Iteration 6030 | Network loss: 10.36
(['28', '39', '26'],) ---> 31.8915720
Iteration 6040 | Network loss: 10.77
(['1415059200.0'],) ---> 1319866420
Iteration 6050 | Network loss: 10.93
(['NA', 'NA', '47.051', 'NA'],) ---> NA
Iteration 6060 | Network loss: 9.95
(['s19', 's22', 's13', 's13'],) ---> s10
Iteration 6070 | Network loss: 10.69
(['316980'],) ---> 322559
Iteration 6080 | Network loss: 10.49
(['HC-TEV-3D', 'HC-TEV-2D', 'HC-TEV-3D'],) ---> HC-RD
Iteration 6090 | Network loss: 11.02
(['60447', '28262', '10021'],) ---> 28100
Iteration 6100 | Network loss: 10.62
(['2.7835', '2.79847', '2.7203'],) ---> 2.767
Iteration 6110 | Network loss: 10.15
(['20140227'],) ---> 70357262
Iteration 6120 | Network loss: 11.30
(['5.00 NC  0.50'],) ---> 3.00 NC  1
Iteration 6130 | Network loss: 10.94
(['M8 8HW'],) ---> MJ24 6BD
Iteration 6140 | Network loss: 10.52
(['YFMXE0155FBE', 'YSKXE00892JA', 'YCRXE0101GCA'],) ---> YZMXE0808W
Iteration 6150 | Network loss: 10.74
(['1.0001642367', '0.0018425533'],) ---> 1.00674333
Iteration 6160 | Network loss: 10.86
(['1.00B48', '1.05', '1.04.B02', '1.2'],) ---> 2.17
Iteration 6170 | Network loss: 10.58
(['HHS', 'DOT'],) ---> POL
Iteration 6180 | Network loss: 10.68
(['1285758'],) ---> 154966
Iteration 6190 | Network loss: 10.39
(['496 Main Rd', '231 Union St', '16 Park St'],) ---> 461 E 1sq5
Iteration 6200 | Network loss: 10.66
(['8246', '6605', '8051', '1292'],) ---> 5600
Iteration 6210 | Network loss: 10.49
(['recto-vaginal', 'blood'],) ---> maineval
Iteration 6220 | Network loss: 10.37
(['121', '17'],) ---> 47
Iteration 6230 | Network loss: 9.95
(['Investment', 'Let Out', 'Investment'],) ---> Bartcipper
Iteration 6240 | Network loss: 10.66
(['CONSULTANT', 'RESTAURANT', 'RESTAURANT'],) ---> KENNSOLE
Iteration 6250 | Network loss: 10.35
(['Hillsboro', 'Lake Geneva', 'Metairie', 'Valparaiso'],) ---> Jain
Iteration 6260 | Network loss: 10.58
(['PAL07762'],) ---> PAL06380
Iteration 6270 | Network loss: 10.54
(['2.1395'],) ---> 1.6558
Iteration 6280 | Network loss: 10.58
(['15/03/2016', '04/05/2012', '10/05/2016', '01/03/2016'],) ---> 24/11/2004
Iteration 6290 | Network loss: 10.71
(['percentage', 'percentage', 'percentage'],) ---> pamseen-aD
Iteration 6300 | Network loss: 10.65
(['365560', '525706'],) ---> 65050
Iteration 6310 | Network loss: 10.27
(['33100', '14700', '18000'],) ---> 3.830b
Iteration 6320 | Network loss: 10.78
(['020 8672580', '020 8944 9822'],) ---> 020 532299
Iteration 6330 | Network loss: 11.03
(['0.2', 'NA'],) ---> 14.66
Iteration 6340 | Network loss: 10.78
(['188.4', 'nd'],) ---> 137.0
Iteration 6350 | Network loss: 10.60
(['398-7978', '393-9619'],) ---> 345-3482
Iteration 6360 | Network loss: 10.59
(['28'],) ---> 16
Iteration 6370 | Network loss: 10.66
(['155.000000', '294.900000', '222.800000'],) ---> 122.700000
Iteration 6380 | Network loss: 10.97
(['s5', 's12', 's1', 's7'],) ---> s1
Iteration 6390 | Network loss: 10.76
(['6GMXR0176820', '6FMXR0120GCY', '6FMXR0165GBL'],) ---> 7BKXR02258
Iteration 6400 | Network loss: 10.87
(['-04:00:00', '+01:00:00', '+03:00:00'],) ---> -09:10:00
Iteration 6410 | Network loss: 11.11
(['QRS', 'GUY', 'CIV', 'SRB'],) ---> TUL
Iteration 6420 | Network loss: 10.31
(['SYNAPTICS INC', 'VALEO SA'],) ---> HITEL BORU
Iteration 6430 | Network loss: 9.60
(['849', '0'],) ---> 699
Iteration 6440 | Network loss: 10.74
(['uv'],) ---> uv
Iteration 6450 | Network loss: 10.61
(['LEV-II LEV', 'ULEV', 'LEV-II LEV'],) ---> LEV-II ULE
Iteration 6460 | Network loss: 9.93
(['Sep-75'],) ---> M8 Wale-15
Iteration 6470 | Network loss: 10.39
(['292991.35', '282481.4973', '288839.3002'],) ---> 101882.16
Iteration 6480 | Network loss: 10.50
(['XFMXR0105BAE'],) ---> XBYTE00051
Iteration 6490 | Network loss: 10.42
(['0.001', '1.019', '0.01'],) ---> 1.111
Iteration 6500 | Network loss: 9.64
(['7541', '346'],) ---> 3237
Iteration 6510 | Network loss: 10.62
(['NO 121, ARCHES', 'ROOM G17', 'UNIT 2 BST'],) ---> YEBNTLA
Iteration 6520 | Network loss: 10.77
(['101.608', '114.625'],) ---> 161.07
Iteration 6530 | Network loss: 9.83
(['Pf3D7_12_v3', 'Pf3D7_13_v3', 'Pf3D7_14_v3'],) ---> PfnD7_913D
Iteration 6540 | Network loss: 11.55
(['100301302000', '101709105291'],) ---> 1015103000
Iteration 6550 | Network loss: 10.08
(['271700', '500000', '547000', '570000'],) ---> 1114243
Iteration 6560 | Network loss: 10.97
(['Bradford', 'City Centre', 'City Centre', 'Ardwick'],) ---> Tooth
Iteration 6570 | Network loss: 10.82
(['-151.25519', '-151.33204', '-151.35464'],) ---> -182.30663
Iteration 6580 | Network loss: 10.68
(['GO', 'AT', 'TV', 'PD'],) ---> FKN
Iteration 6590 | Network loss: 11.38
(['HC-TEV-3D'],) ---> HC-TEVV-DI
Iteration 6600 | Network loss: 10.28
(['NA', '101.08'],) ---> NA
Iteration 6610 | Network loss: 9.93
(['NO'],) ---> YEL
Iteration 6620 | Network loss: 11.39
(['01/04/1995', '01/04/1995', '01/04/2011', '04/10/2005'],) ---> 21/02/2010
Iteration 6630 | Network loss: 10.98
(['1MBXV03.2LTR'],) ---> 2LMXT03.72
Iteration 6640 | Network loss: 10.39
(['153.9', '135.9', '204.8', '255.7'],) ---> 455.3
Iteration 6650 | Network loss: 10.64
(['21/09/2015', '23/02/2016', '17/12/2007'],) ---> 23/04/2014
Iteration 6660 | Network loss: 10.17
(['B8', 'LEV', 'ULEV', 'B5'],) ---> LI
Iteration 6670 | Network loss: 9.94
(['a1', 'a2', 'A4', 'A4'],) ---> a2
Iteration 6680 | Network loss: 9.86
(['46.963764', '47.045986', '47.068138', '47.153313'],) ---> 48.419792
Iteration 6690 | Network loss: 10.18
(['30INT37', '200INT11', '420INT04', '265INT15'],) ---> 35/23:47
Iteration 6700 | Network loss: 10.20
(['322.2953038', '34.59848531'],) ---> 394.485890
Iteration 6710 | Network loss: 10.35
(['385031'],) ---> 36667
Iteration 6720 | Network loss: 10.11
(['727-795-1185'],) ---> 715-660-28
Iteration 6730 | Network loss: 9.59
(['37', '49', '45'],) ---> 40
Iteration 6740 | Network loss: 11.22
(['12', '12', '12', '12'],) ---> 14
Iteration 6750 | Network loss: 10.98
(['S4'],) ---> S5
Iteration 6760 | Network loss: 10.23
(['01.06.2016', '01.04.1995', '01.04.1995', '28.08.2012'],) ---> 07.07.2013
Iteration 6770 | Network loss: 10.13
(['0.0085821409', '1.0975806716'],) ---> 0.01037772
Iteration 6780 | Network loss: 10.66
(['119448', '110531', '18705', '4831'],) ---> 14824
Iteration 6790 | Network loss: 11.38
(['741776475', '1123180252', '931746986'],) ---> 662432127
Iteration 6800 | Network loss: 10.96
(['1.0021560289', '1.0276111428', '0.0947392814'],) ---> 0.18036991
Iteration 6810 | Network loss: 9.90
(['3ASXR0121V03', '3BMXR0136E46', '3TYXR0135AK0', '3ADXR0140233'],) ---> 3FMXR02443
Iteration 6820 | Network loss: 10.87
(['1/1/2012', '1/1/2014', '1/1/2011'],) ---> 1/1/2012
Iteration 6830 | Network loss: 10.14
(['Bradford'],) ---> Rithad Cea
Iteration 6840 | Network loss: 10.66
(['FALSE', 'TRUE', 'FALSE', 'TRUE'],) ---> FiRE
Iteration 6850 | Network loss: 10.75
(['7/28/06', '8/29/06'],) ---> 0/24/14
Iteration 6860 | Network loss: 10.65
(['22.627', '11.314', '181.019335363', '11.314'],) ---> 23.978
Iteration 6870 | Network loss: 10.86
(['3087', '13131', '5279'],) ---> 97
Iteration 6880 | Network loss: 10.26
(['Edmonds', 'Sharples', 'Mountford'],) ---> Remase
Iteration 6890 | Network loss: 10.19
(['KY', 'CA', '1'],) ---> Ka
Iteration 6900 | Network loss: 9.75
(['43.348621', '42.899731', '43.715359', '43.345879'],) ---> 43.951423
Iteration 6910 | Network loss: 10.62
(['51', '64'],) ---> 60
Iteration 6920 | Network loss: 10.95
(['-', '0.248', '-', '-'],) ---> 1.75
Iteration 6930 | Network loss: 10.30
(['77032'],) ---> 651
Iteration 6940 | Network loss: 10.09
(['12.12.2014'],) ---> 26.10.2918
Iteration 6950 | Network loss: 10.80
(['101605906063'],) ---> 1410027081
Iteration 6960 | Network loss: 9.45
(['Pf3D7_02_v3', 'Pf3D7_14_v3', 'Pf3D7_12_v3'],) ---> Pf3D7_14_v
Iteration 6970 | Network loss: 10.08
(['WR14 1PZ', 'BB4 5SL', 'NG19 0BT'],) ---> DS2 8UY
Iteration 6980 | Network loss: 10.01
(['+01:00:00', '-06:00:00', '-02:00:00'],) ---> -05:00:00
Iteration 6990 | Network loss: 10.53
(['1141.88', '1200', '39998.41', '22142.3'],) ---> 181.47
Iteration 7000 | Network loss: 10.66
(['06/30/2016', '05/18/2016', '05/23/2016', '02/12/2016'],) ---> 28/12/2015
Iteration 7010 | Network loss: 10.78
(['Riyadh', 'Dubai', 'Riyadh', 'Jiddah'],) ---> Sye L, Rau
Iteration 7020 | Network loss: 10.42
(['-06:00:00', '+11:30:00'],) ---> 516:00D05
Iteration 7030 | Network loss: 9.87
(['114', '932', '973', '58'],) ---> 103
Iteration 7040 | Network loss: 10.85
(['74.88543034'],) ---> 77.7120829
Iteration 7050 | Network loss: 11.09
(['100', '40'],) ---> 105
Iteration 7060 | Network loss: 10.70
(['427003904'],) ---> 545017435
Iteration 7070 | Network loss: 10.26
(['53014', '55189'],) ---> 56321
Iteration 7080 | Network loss: 9.66
(['70', '15', '23', '82'],) ---> 40
Iteration 7090 | Network loss: 10.61
(['Bond, Todd W', 'Bruce, Cathy A', 'LeGrande, Mark', 'Davis, Scott A'],) ---> Adu Misf6 
Iteration 7100 | Network loss: 9.95
(['007-907-524', '003-508-285', '002-841-339'],) ---> 005-615-23
Iteration 7110 | Network loss: 10.53
(['S', 'S', 'C'],) ---> K
Iteration 7120 | Network loss: 10.87
(['HoggPass500', 'HoggPass700', 'HoggPass510'],) ---> Zc11225000
Iteration 7130 | Network loss: 10.80
(['4.2', '1.2', '1.5', '2.2'],) ---> 2
Iteration 7140 | Network loss: 10.43
(['Scotland', 'England'],) ---> Wair Loato
Iteration 7150 | Network loss: 9.89
(['HoggPass1000'],) ---> Hoaggas
Iteration 7160 | Network loss: 10.94
(['2.4'],) ---> 80
Iteration 7170 | Network loss: 10.48
(['YGMXT05.3186', 'YFMXV02.0VBF', 'YGMXT05.7188', 'YNSXT03.335A'],) ---> YCRXT03.02
Iteration 7180 | Network loss: 10.10
(['555'],) ---> 4895
Iteration 7190 | Network loss: 10.20
(['48.74', 'NA', 'NA', 'NA'],) ---> 13.87
Iteration 7200 | Network loss: 10.38
(['17167'],) ---> 2310
Iteration 7210 | Network loss: 10.27
(['HG4 1AB', 'LS22 4EJ', 'HG1 5AY'],) ---> HG2 2SD
Iteration 7220 | Network loss: 11.23
(['Essex'],) ---> Masufale
Iteration 7230 | Network loss: 11.07
(['0.827622742'],) ---> 0.22231412
Iteration 7240 | Network loss: 9.50
(['56.4958', '7.65', '512.3292'],) ---> 439.353
Iteration 7250 | Network loss: 10.26
(['Ulasi'],) ---> Male
Iteration 7260 | Network loss: 9.96
(['5.86626E-07', '5.8682E-07', '5.89504E-07'],) ---> 5.86538E-0
Iteration 7270 | Network loss: 10.25
(['Male', 'Female', 'Male', 'Male'],) ---> Meli
Iteration 7280 | Network loss: 11.24
(['351575', '308880'],) ---> 349006
Iteration 7290 | Network loss: 10.08
(['4.99 NC  0.50', '3.74 NC  0.48'],) ---> 4.00 NN  2
Iteration 7300 | Network loss: 9.91
(['010008645278', '100052174755', '100052121216', '100052173195'],) ---> 0100043289
Iteration 7310 | Network loss: 10.29
(['0.0122626384', '0.0829857903'],) ---> 0.09995956
Iteration 7320 | Network loss: 10.88
(['020 8788 3252', '020 7924 4413', '020 3092 2556'],) ---> 020 5778 2
Iteration 7330 | Network loss: 10.42
(['2GMXE0111908', '2GMXR0175922'],) ---> 2SUXE00404
Iteration 7340 | Network loss: 10.16
(['NA', 'NA', 'NA', '102.43'],) ---> 0
Iteration 7350 | Network loss: 10.74
(['450651', '171380', '161360', '450688'],) ---> 1774325-7
Iteration 7360 | Network loss: 10.65
(['N', 'Y', 'N', 'N'],) ---> n
Iteration 7370 | Network loss: 10.09
(['7GMXR0223841', '7MBXR0197LNC', '7CRXR0180GTH'],) ---> 6FLXR0150T
Iteration 7380 | Network loss: 9.84
(['300003328', '286384128'],) ---> 201713380
Iteration 7390 | Network loss: 10.68
(['0.45', '0.78'],) ---> 0.22
Iteration 7400 | Network loss: 9.99
(['7375.4999', '7283.5', '7113.1004', '7118.3002'],) ---> 7102.2392
Iteration 7410 | Network loss: 10.37
(['plymouth', 'plymouth', 'mazda', 'opel'],) ---> pfvie tett
Iteration 7420 | Network loss: 10.39
(['[X949]', '[X949]', '[X949]', '[X949]'],) ---> [X951]
Iteration 7430 | Network loss: 11.35
(['0.0707493618', '0.7694891917', '0.0088441674'],) ---> 0.03087763
Iteration 7440 | Network loss: 10.25
(['Wyckoff'],) ---> Kilg
Iteration 7450 | Network loss: 10.48
(['2000', '8260.28', '3127.87'],) ---> 1000
Iteration 7460 | Network loss: 10.44
(['0.593', '0.978', '1.992'],) ---> 0.388
Iteration 7470 | Network loss: 10.61
(['01/04/1995', '01/08/2013', '20/07/2015'],) ---> 02/04/1996
Iteration 7480 | Network loss: 9.60
(['14.2', '9.1', '6.2'],) ---> 26.9
Iteration 7490 | Network loss: 10.29
(['2000'],) ---> 409
Iteration 7500 | Network loss: 9.93
(['CHNA', 'SCZ', 'RTLA', 'DNN'],) ---> C8T
Iteration 7510 | Network loss: 10.51
(['Sat', 'Sat', 'Thur', 'Thur'],) ---> Kart Bffre
Iteration 7520 | Network loss: 9.45
(['NA'],) ---> 1454.95
Iteration 7530 | Network loss: 10.49
(['9FMXT03.52EB'],) ---> 9GMXT03.31
Iteration 7540 | Network loss: 10.36
(['peugeot', 'ford'],) ---> online
Iteration 7550 | Network loss: 10.03
(['76.71368837'],) ---> 73.2165514
Iteration 7560 | Network loss: 9.31
(['ui2', 'ui4'],) ---> ui2
Iteration 7570 | Network loss: 9.38
(['C', 'K', 'J', 'L'],) ---> E
Iteration 7580 | Network loss: 10.82
(['1/1/2011', '7/1/2014'],) ---> 2/13/1416
Iteration 7590 | Network loss: 10.04
(['18.2'],) ---> 16.04
Iteration 7600 | Network loss: 10.99
(['90', '67', '53'],) ---> 26
Iteration 7610 | Network loss: 10.48
(['01:45:07', '02:34:39', '02:08:49'],) ---> 01:12:15
Iteration 7620 | Network loss: 10.68
(['0.1079520227', '0.9885418245', '0.7283444976'],) ---> 0.03466131
Iteration 7630 | Network loss: 10.22
(['26/11/2007', '24/10/2008', '12/08/2016'],) ---> 13/11/2016
Iteration 7640 | Network loss: 11.34
(['0.019232313', '0.013824992', '0.026166706'],) ---> 0.05704605
Iteration 7650 | Network loss: 9.76
(['513.12', '288.12', '162.24'],) ---> 83.7
Iteration 7660 | Network loss: 10.17
(['BERM', 'EURO'],) ---> GPOK
Iteration 7670 | Network loss: 10.47
(['DIR-850L', 'DCS-7010L', 'DWL-G810', 'DIR-890L/R'],) ---> DNL-134P
Iteration 7680 | Network loss: 10.30
(['2840007917', '3660081401', '2840042055'],) ---> 4070474405
Iteration 7690 | Network loss: 10.34
(['9520-16015881', '9520-04006813', '9520-16004293'],) ---> +120-01-27
Iteration 7700 | Network loss: 10.35
(['BPL'],) ---> POL
Iteration 7710 | Network loss: 10.89
(["q'i", "k'e", "k'i", "q'e"],) ---> q'e
Iteration 7720 | Network loss: 9.95
(['DIR-628', 'DNS-323', 'DSD-150', 'DWL-900AP'],) ---> Dalgass
Iteration 7730 | Network loss: 11.34
(['8,066', '1,599', '1,836', '3,031'],) ---> 8,513
Iteration 7740 | Network loss: 10.36
(['-48.400078', '-48.554218', '-48.612713', '-48.390991'],) ---> -1.136507
Iteration 7750 | Network loss: 10.06
(['F', 'UAE'],) ---> A
Iteration 7760 | Network loss: 10.59
(['CTA', 'POP', 'CTA'],) ---> PO
Iteration 7770 | Network loss: 10.90
(['Mar-66', 'Jul-70'],) ---> App-44
Iteration 7780 | Network loss: 10.41
(['18', '15.5', '34.7'],) ---> 01
Iteration 7790 | Network loss: 9.33
(['33.5'],) ---> 46.73
Iteration 7800 | Network loss: 9.60
(['online'],) ---> online
Iteration 7810 | Network loss: 10.61
(['13581730', '14035284', '12452587', '14383654'],) ---> 132114518
Iteration 7820 | Network loss: 9.95
(['LEV-II ULEV', 'LEV-II ULEV', 'LEV-II ULEV'],) ---> Bin 4
Iteration 7830 | Network loss: 9.85
(['41531', '119287.7018', '13942', '50926'],) ---> 93240
Iteration 7840 | Network loss: 9.98
(['12/31/2013', '12/31/2015', '12/31/2013'],) ---> 21/22/2014
Iteration 7850 | Network loss: 10.91
(['VALDEZ', 'PASADENA', 'JACKSON'],) ---> TOROD CORR
Iteration 7860 | Network loss: 10.72
(['Bin 4', 'Bin 5'],) ---> Bin 4
Iteration 7870 | Network loss: 10.33
(['ENG'],) ---> ABI
Iteration 7880 | Network loss: 9.61
(['12', '12'],) ---> 40
Iteration 7890 | Network loss: 9.74
(['5.491', '6.097', '4.745'],) ---> 5.052
Iteration 7900 | Network loss: 10.01
(['IOL'],) ---> NAN5
Iteration 7910 | Network loss: 9.73
(['1661173'],) ---> 2354662
Iteration 7920 | Network loss: 10.38
(['N', 'SS', 'ww', 'Q'],) ---> P
Iteration 7930 | Network loss: 9.64
(['tcp', 'tcp', 'tcp'],) ---> tcp
Iteration 7940 | Network loss: 10.46
(['Brewer', 'George', 'Emerick', 'Korn'],) ---> Wulbama
Iteration 7950 | Network loss: 9.71
(['Acer24', 'Acer24'],) ---> Acer36
Iteration 7960 | Network loss: 10.67
(['2.03'],) ---> 55.52
Iteration 7970 | Network loss: 10.27
(['gr07', 'un11', 'un11'],) ---> un08
Iteration 7980 | Network loss: 10.99
(['Kansas City', 'Seattle'],) ---> Hurcon Ben
Iteration 7990 | Network loss: 10.48
(['Lance', 'Kainsaz', 'Kainsaz', 'Colony'],) ---> Placery
Iteration 8000 | Network loss: 9.44
(['Pf3D7_09_v3', 'Pf3D7_07_v3', 'Pf3D7_14_v3'],) ---> Pf3D7_13_v
Iteration 8010 | Network loss: 10.12
(['M14 4AA', 'M2 3HY', 'M16 7WD'],) ---> M12 1PE
Iteration 8020 | Network loss: 9.84
(['Fixed', 'Zero Coupon'],) ---> Fixed
Iteration 8030 | Network loss: 9.50
(['0.64'],) ---> 0.41
Iteration 8040 | Network loss: 9.71
(['10007'],) ---> 2600
Iteration 8050 | Network loss: 9.53
(['adderley'],) ---> amxes
Iteration 8060 | Network loss: 9.97
(['+05:30:00'],) ---> +00:00:00
Iteration 8070 | Network loss: 9.99
(['020 8874 1700', '020 3458 5600', '020 8544 2311'],) ---> 020 7733 0
Iteration 8080 | Network loss: 10.13
(['2000288', '2000194', '2000168', '2000180'],) ---> 2000242
Iteration 8090 | Network loss: 10.01
(['6.45', '-', '-', '-'],) ---> 2.55
Iteration 8100 | Network loss: 9.88
(['12/31/2015', '5/14/2017'],) ---> 12/33/2016
Iteration 8110 | Network loss: 10.28
(['DOT', 'POL', 'FRS', 'DLC'],) ---> NOT
Iteration 8120 | Network loss: 9.46
(['15.7'],) ---> 13
Iteration 8130 | Network loss: 10.18
(['08.10.2015', '18.04.2008', '01.04.2017', '01.04.2007'],) ---> 01.10.2107
Iteration 8140 | Network loss: 10.78
(['2466', '62557'],) ---> 11205
Iteration 8150 | Network loss: 10.49
(['2.5', '0.20'],) ---> 6.0
Iteration 8160 | Network loss: 10.18
(['vol ink', 'noise'],) ---> culiills
Iteration 8170 | Network loss: 9.73
(['94065100219', '01005510290', '00881500268', '02343900201'],) ---> 1263003944
Iteration 8180 | Network loss: 10.31
(['16/06/2009', '21/04/2012', '26/12/2012', '27/10/2007'],) ---> 03/02/2018
Iteration 8190 | Network loss: 10.70
(['ui2', 'ui1'],) ---> uik
Iteration 8200 | Network loss: 10.77
(['vel', 'vel', 'uv', 'uv'],) ---> vel
Iteration 8210 | Network loss: 10.59
(['41.15', '96.44'],) ---> 10.03
Iteration 8220 | Network loss: 10.42
(['07860-1823'],) ---> 08714-0146
Iteration 8230 | Network loss: 9.78
(['s6', 's21', 's3'],) ---> s10
Iteration 8240 | Network loss: 10.56
(['Philadelphia', 'Saint Clair', 'West Boylston', 'Hammond'],) ---> Yooda
Iteration 8250 | Network loss: 10.09
(['6-Jan-14', '12-Apr-15', '19-Oct-13', '1-Nov-13'],) ---> 21-Dec-13
Iteration 8260 | Network loss: 10.29
(['NDTD'],) ---> NDTD
Iteration 8270 | Network loss: 9.95
(['78', '156', '78'],) ---> 85
Iteration 8280 | Network loss: 9.52
(['1/1/2012', '1/1/2013', '7/1/2010'],) ---> 1/1/2012
Iteration 8290 | Network loss: 10.24
(['400015', '100150', '190003', '180115'],) ---> 300014
Iteration 8300 | Network loss: 10.26
(['396889', '402155'],) ---> 59300
Iteration 8310 | Network loss: 10.17
(['tcp'],) ---> tcp
Iteration 8320 | Network loss: 9.85
(['17:09:55', '20:09:39', '02:26:45'],) ---> 03:13:44
Iteration 8330 | Network loss: 10.03
(['1.81', '1.75'],) ---> 1.94
Iteration 8340 | Network loss: 10.21
(['40LDT15', '40LDT15', '570LDT10'],) ---> 20LDT05
Iteration 8350 | Network loss: 10.01
(['11.314', '22.627'],) ---> 3.592
Iteration 8360 | Network loss: 11.32
(['ROOM 239', '2ND FLR', 'NO 9, ARCHES'],) ---> NO
Iteration 8370 | Network loss: 10.31
(['APPROVED', 'APPROVED', 'APPROVED', 'APPROVED'],) ---> APPROVED
Iteration 8380 | Network loss: 10.51
(['0.038189161'],) ---> 0.96484141
Iteration 8390 | Network loss: 10.81
(['1.0002281956', '0.0207007093'],) ---> 0.01092279
Iteration 8400 | Network loss: 10.03
(['20.23'],) ---> 1.16
Iteration 8410 | Network loss: 10.25
(['Ireland', 'Germany'],) ---> Vhlacedam
Iteration 8420 | Network loss: 9.97
(['1306', '1209', '1902', '1707'],) ---> 1367
Iteration 8430 | Network loss: 10.07
(['12', '12', '12'],) ---> 181
Iteration 8440 | Network loss: 9.96
(['Wales'],) ---> Higen
Iteration 8450 | Network loss: 10.19
(['340', '73', '6', '0'],) ---> 10
Iteration 8460 | Network loss: 10.07
(['-', '-', '-', '-'],) ---> -
Iteration 8470 | Network loss: 9.93
(['1NSXT03.5C9A'],) ---> 2GMXT04.51
Iteration 8480 | Network loss: 10.40
(['1984', '1998', '1986', '1992.25'],) ---> 1860
Iteration 8490 | Network loss: 10.89
(['570LDT02', '196LDV04', '30LDT32'],) ---> 30LDV08
Iteration 8500 | Network loss: 9.28
(['Didsbury East', 'Moston', 'Old Moat', 'Harpurhey'],) ---> Harrolls
Iteration 8510 | Network loss: 10.11
(['freehold', 'freehold', 'freehold', 'FREEHOLD'],) ---> freehold
Iteration 8520 | Network loss: 10.21
(['48', '46', '46', '40'],) ---> 338
Iteration 8530 | Network loss: 10.51
(['N16290009020', 'N06012500152'],) ---> N010037001
Iteration 8540 | Network loss: 10.29
(['5333', '42222'],) ---> NA
Iteration 8550 | Network loss: 10.41
(['6VVXR0130EV5', '6FMXR0185GBK', '6SKXR0120466', '6NSXR0132MBA'],) ---> 6FMXR01253
Iteration 8560 | Network loss: 10.20
(['Spare'],) ---> Ofricemon
Iteration 8570 | Network loss: 10.34
(['7576'],) ---> 74791
Iteration 8580 | Network loss: 10.02
(['431829', '23000'],) ---> 148857
Iteration 8590 | Network loss: 10.09
(['030', '047', '073', '097'],) ---> 047
Iteration 8600 | Network loss: 10.51
(['3.73', '-'],) ---> 3.29
Iteration 8610 | Network loss: 10.36
(['4TYXT04.7VRM'],) ---> 4TYXV02.0F
Iteration 8620 | Network loss: 10.29
(['0.1744', '0.1757', '0.1893'],) ---> 1.7342
Iteration 8630 | Network loss: 10.12
(['5.4', '0.79', '2.1'],) ---> 11.0
Iteration 8640 | Network loss: 10.68
(['3871859', '84458', '907135'],) ---> 3029454
Iteration 8650 | Network loss: 9.55
(['100242', '140200'],) ---> 192040
Iteration 8660 | Network loss: 9.91
(['82893.00', '30067.04'],) ---> 02000.00
Iteration 8670 | Network loss: 9.81
(['B27 6JD'],) ---> LS25 3EB
Iteration 8680 | Network loss: 9.91
(['1095T2-01', '20HDV01'],) ---> 40INT02
Iteration 8690 | Network loss: 9.32
(['Speed only', 'Speed only', 'Speed only'],) ---> Speed only
Iteration 8700 | Network loss: 10.71
(['$97,244', '$136,300'],) ---> $87,809
Iteration 8710 | Network loss: 10.55
(["q'e", "q'e", "k'i"],) ---> q'i
Iteration 8720 | Network loss: 10.28
(['0.378511637', '2.40599227'],) ---> 1.60747750
Iteration 8730 | Network loss: 9.61
(['92', '78'],) ---> 78
Iteration 8740 | Network loss: 9.64
(['24/06/2007', '29/06/2014', '19/09/2011'],) ---> 16/06/2016
Iteration 8750 | Network loss: 9.93
(['ambient'],) ---> future
Iteration 8760 | Network loss: 9.72
(['7185268006', '7184820664', '7188246233', '6467976991'],) ---> 8075000054
Iteration 8770 | Network loss: 10.05
(['932345318', '744151006', '758021976', '1242629784'],) ---> 826738220
Iteration 8780 | Network loss: 10.03
(['TCCTGGCA', 'TCCTTGGT', 'TCCTAATA', 'TCCGTGCT'],) ---> TGGTAAGC
Iteration 8790 | Network loss: 10.43
(['15773', '225262', '80168', '47988'],) ---> 1457
Iteration 8800 | Network loss: 10.52
(['07/30/2015', '03/17/2016', '08/13/2015', '11/30/2016'],) ---> 06/09/2016
Iteration 8810 | Network loss: 10.61
(['76.06', '75.91', '77.28'],) ---> Fei-87
Iteration 8820 | Network loss: 9.82
(['200'],) ---> 100
Iteration 8830 | Network loss: 10.05
(['2014-03-04', '2013-04-27', '2014-11-15'],) ---> 2013-09-07
Iteration 8840 | Network loss: 10.48
(['8.4'],) ---> 7.7
Iteration 8850 | Network loss: 10.19
(['?'],) ---> ?
Iteration 8860 | Network loss: 10.24
(['5318275.958', '5317612.459'],) ---> 4389066
Iteration 8870 | Network loss: 10.19
(['0.33657', '0.58037', '0.35247', '0.55615'],) ---> 0.92179
Iteration 8880 | Network loss: 10.36
(['9559', '1246', '432', '6999'],) ---> nbll
Iteration 8890 | Network loss: 9.84
(['NVR', 'USDP', 'PK'],) ---> 1B2
Iteration 8900 | Network loss: 10.29
(['687009292'],) ---> 714813029
Iteration 8910 | Network loss: 9.84
(['0.460928451'],) ---> 0.97293114
Iteration 8920 | Network loss: 9.10
(['214-343-4800', '512-832-1252', '361-852-3812', '817-715-7052'],) ---> 602-266-63
Iteration 8930 | Network loss: 9.93
(['4595-1'],) ---> 639-14-npr
Iteration 8940 | Network loss: 10.41
(['76541', '78405', '77067', '78619'],) ---> 114532
Iteration 8950 | Network loss: 9.96
(['S4', 'S1', 'S2', 'S4'],) ---> S6
Iteration 8960 | Network loss: 10.57
(['-13.2', '-1.3', '-1.7'],) ---> 10.8
Iteration 8970 | Network loss: 10.04
(['Wirth, Erin C'],) ---> Tharl, Cor
Iteration 8980 | Network loss: 10.04
(['10', '71'],) ---> 32
Iteration 8990 | Network loss: 9.91
(['49', '68', '20', '38'],) ---> 366
Iteration 9000 | Network loss: 9.82
(['3', '9'],) ---> 6.1
Iteration 9010 | Network loss: 10.03
(['M1 5AZ', 'M3 2BH', 'M11 3FF', 'M3 3HA'],) ---> M1 1GD
Iteration 9020 | Network loss: 9.85
(['UNIT 2 BST', '105 BEECH ROAD', 'UNIT 2F AT', 'SUITE S7'],) ---> NY 1RLMONY
Iteration 9030 | Network loss: 9.49
(['91303', '83404', '80214', '46975'],) ---> 50588
Iteration 9040 | Network loss: 9.79
(['602-264-6101', '619-645-7711', '858-750-7600'],) ---> 803-214-25
Iteration 9050 | Network loss: 10.11
(['online', 'online'],) ---> online
Iteration 9060 | Network loss: 10.32
(['54.5', '89.5', '33', '60.5'],) ---> 15.1
Iteration 9070 | Network loss: 9.29
(['-72.899513', '-71.465537', '-85.712838'],) ---> -71.940
Iteration 9080 | Network loss: 10.13
(['BERM', 'BERM', 'BERM'],) ---> BERMOWN
Iteration 9090 | Network loss: 9.64
(['Expired'],) ---> Expired
Iteration 9100 | Network loss: 10.14
(['336.8683958'],) ---> 218.367579
Iteration 9110 | Network loss: 9.29
(['Pf3D7_04_v3', 'Pf3D7_12_v3'],) ---> Pf3D7_06_v
Iteration 9120 | Network loss: 9.89
(['Ocean', 'Bergen', 'Hunterdon', 'Morris'],) ---> Bildey
Iteration 9130 | Network loss: 10.45
(['10.81', '5.32', '11.18'],) ---> 52.130
Iteration 9140 | Network loss: 10.14
(['APPROVED', 'APPROVED', 'TRANSFERRED'],) ---> APPROVED
Iteration 9150 | Network loss: 9.87
(['NRU', 'ZAF', 'BIH'],) ---> RHY
Iteration 9160 | Network loss: 9.65
(['0.1306617944'],) ---> 0.93052101
Iteration 9170 | Network loss: 9.96
(['855-286-5901', '480-333-6252', '949-252-8300', '877-276-1894'],) ---> 802-345-61
Iteration 9180 | Network loss: 9.51
(['MC', 'BC'],) ---> CC
Iteration 9190 | Network loss: 9.64
(['Abilene', 'Winslow', 'Delta', 'Austin (S)'],) ---> Chelrses
Iteration 9200 | Network loss: 9.89
(['1898', '?', '1899', '1896'],) ---> 1114
Iteration 9210 | Network loss: 10.09
(['19700031412', 'Not Online', '19640002198', '19700013435'],) ---> 1617607131
Iteration 9220 | Network loss: 9.97
(['5004.00', '4608.00', '1512.00', '1944.00'],) ---> 5239.00
Iteration 9230 | Network loss: 10.21
(['Not Online'],) ---> 8/12/19h6
Iteration 9240 | Network loss: 9.28
(['1FMXE0115BBE', '1CRXE0174G6L', '1CRXE0174G6L'],) ---> 1CRXE0125G
Iteration 9250 | Network loss: 10.01
(['0', '1011', '12045', '6'],) ---> 20
Iteration 9260 | Network loss: 9.97
(['50.475590', '50.567616', '50.548416'],) ---> 50.279223
Iteration 9270 | Network loss: 10.24
(['N0R1G0', 'N2M5G2', 'L1V6K3', 'K0J1H0'],) ---> C0K1C8
Iteration 9280 | Network loss: 10.18
(['74.37043548', '74.82751608'],) ---> 74.0238816
Iteration 9290 | Network loss: 9.36
(['8/11/09', '10/5/09'],) ---> 4/3/10
Iteration 9300 | Network loss: 11.03
(['54'],) ---> 76
Iteration 9310 | Network loss: 9.96
(['01/08/1996', '01/05/2015'],) ---> 10/10/2016
Iteration 9320 | Network loss: 10.45
(['$15000000'],) ---> $150000000
Iteration 9330 | Network loss: 9.74
(['10.16', '10.16'],) ---> 5
Iteration 9340 | Network loss: 10.10
(['0.503'],) ---> 0.44
Iteration 9350 | Network loss: 9.86
(['CAK', 'GDV'],) ---> NIT
Iteration 9360 | Network loss: 10.14
(['3075683311'],) ---> 2380011000
Iteration 9370 | Network loss: 10.62
(['01/04/2011', '26/07/2007', '21/10/2015', '02/10/2008'],) ---> 16/08/2014
Iteration 9380 | Network loss: 10.06
(['01/04/1995'],) ---> 01/02/2008
Iteration 9390 | Network loss: 11.22
(['91042490127', '81010290211', '01737020121', '80104250156'],) ---> 9729927018
Iteration 9400 | Network loss: 9.50
(['9TYXR0175A12'],) ---> 9PRXR0170D
Iteration 9410 | Network loss: 9.56
(['12_TEN_00946', '16_TEN_00294'],) ---> 14_TEN_012
Iteration 9420 | Network loss: 10.12
(['LEV', 'LEV', 'LEV'],) ---> B3.24
Iteration 9430 | Network loss: 10.03
(['4717-1-1Cp2', '4717-1-1Cp2'],) ---> 359-1
Iteration 9440 | Network loss: 10.00
(['40.46'],) ---> 224.66
Iteration 9450 | Network loss: 10.01
(['1.05', '2.07B01'],) ---> 1.3
Iteration 9460 | Network loss: 10.03
(['6510940', '6320420', '6320420'],) ---> 3923102
Iteration 9470 | Network loss: 9.77
(['330094', '420009', '490033'],) ---> 337019
Iteration 9480 | Network loss: 10.20
(['Bronx', 'Brooklyn'],) ---> Manhattan
Iteration 9490 | Network loss: 10.12
(['9BMXR0170LE2', '9GMXR0176820', '9TYXR0165P22', '9FMXR0145GBA'],) ---> 9MBXR0160L
Iteration 9500 | Network loss: 9.61
(['nd'],) ---> nd
Iteration 9510 | Network loss: 9.39
(['82122'],) ---> 75105
Iteration 9520 | Network loss: 10.62
(['SHF', 'DGS', 'HHS', 'DOT'],) ---> SAM
Iteration 9530 | Network loss: 9.81
(['0.236066841', '0.034318577'],) ---> 0.62079873
Iteration 9540 | Network loss: 9.72
(['11220', '1744', '40269'],) ---> 10623
Iteration 9550 | Network loss: 10.25
(['N', 'N', 'N', 'n'],) ---> N
Iteration 9560 | Network loss: 9.78
(['79424', '77060'],) ---> 54290
Iteration 9570 | Network loss: 10.27
(['8.3'],) ---> 2.08
Iteration 9580 | Network loss: 9.69
(['QAT', 'F', 'TUR', 'CHN'],) ---> NSD
Iteration 9590 | Network loss: 9.26
(['William', 'Allen', 'Bennett'],) ---> Gaunce
Iteration 9600 | Network loss: 9.40
(['52905', '39515'],) ---> 30581
Iteration 9610 | Network loss: 9.98
(['UF'],) ---> UF
Iteration 9620 | Network loss: 10.51
(['MANUFACTURING'],) ---> GUHUAWOHD
Iteration 9630 | Network loss: 9.52
(['-241.69', '-243.45', '-321.54'],) ---> -347.17
Iteration 9640 | Network loss: 10.35
(['2045'],) ---> 1007
Iteration 9650 | Network loss: 10.33
(['C054'],) ---> C000
Iteration 9660 | Network loss: 9.76
(['4,116', '8,025'],) ---> 1,902
Iteration 9670 | Network loss: 9.70
(['XCRXA0360J31', 'XFMXT04.65BF', 'XFMXA04.6JGC', 'XBMXV05.4LEV'],) ---> XDVXV02.5V
Iteration 9680 | Network loss: 9.94
(['YES', 'YES', 'NO', 'YES'],) ---> ZP
Iteration 9690 | Network loss: 9.63
(['M15 5RN', 'M3 3HA', 'M2 7FE', 'M1 5FW'],) ---> M2 5PQ
Iteration 9700 | Network loss: 9.48
(['COMMON STOCK', 'COMMON STOCK', 'COMMON STOCK'],) ---> COMMON STO
Iteration 9710 | Network loss: 9.85
(['2758', '1094'],) ---> 2534
Iteration 9720 | Network loss: 10.02
(['Clinical'],) ---> Cliniugton
Iteration 9730 | Network loss: 10.38
(['3.86'],) ---> 5.34
Iteration 9740 | Network loss: 10.01
(['303', '238', '652', '487'],) ---> 286
Iteration 9750 | Network loss: 9.86
(['27.1', '3'],) ---> 09.4
Iteration 9760 | Network loss: 9.25
(['2013-02-23', '2013-04-27'],) ---> 8016-18-07
Iteration 9770 | Network loss: 10.22
(['O', 'O'],) ---> O
Iteration 9780 | Network loss: 9.80
(['OAS2_0031_MR2', 'OAS2_0047_MR1', 'OAS2_0161_MR1'],) ---> OAS2_0195_
Iteration 9790 | Network loss: 9.56
(['669487043'],) ---> 1202237532
Iteration 9800 | Network loss: 9.75
(['9GMXT05.3376', '9ADXV02.03UA', '9PRXT04.8TED', '9FMXV03.7VEL'],) ---> 9GMXV05.40
Iteration 9810 | Network loss: 10.16
(['2855', '1795', '3012'],) ---> 508
Iteration 9820 | Network loss: 9.73
(['30LDT29', '200LDV08'],) ---> 120LDV05
Iteration 9830 | Network loss: 10.23
(['AL2ps5', 'AL4288-1a', 'AL2ps9'],) ---> AL4278
Iteration 9840 | Network loss: 10.35
(['F', 'F', 'F'],) ---> F
Iteration 9850 | Network loss: 10.01
(['Montgomery', 'Flores', 'Phillips'],) ---> Creston
Iteration 9860 | Network loss: 10.10
(['Jiddah'],) ---> Resiase, S
Iteration 9870 | Network loss: 9.52
(['NA'],) ---> NA
Iteration 9880 | Network loss: 9.72
(['1'],) ---> 0
Iteration 9890 | Network loss: 9.72
(['6381150'],) ---> 681900
Iteration 9900 | Network loss: 10.44
(['0.004971387', '0.006390947', '0.005962724'],) ---> 0.01842975
Iteration 9910 | Network loss: 9.67
(['11932', '867', '371'],) ---> 3724
Iteration 9920 | Network loss: 9.30
(['Midwest'],) ---> Mirham
Iteration 9930 | Network loss: 10.23
(['6GMXT04.3184', '6GMXT06.0198', '6GMXV04.6065'],) ---> 6FMXJ03.25
Iteration 9940 | Network loss: 9.84
(['Mpumalanga', 'Mpumalanga'],) ---> Froux
Iteration 9950 | Network loss: 10.30
(['334755.0'],) ---> 3890223
Iteration 9960 | Network loss: 9.80
(['83702', '28801', '73102'],) ---> 77220
Iteration 9970 | Network loss: 10.17
(['WA5 7ZT', 'WA1 1AA', 'WA3 7QZ'],) ---> NK8 5AH
Iteration 9980 | Network loss: 10.02
(['R', 'R', 'R'],) ---> R
Iteration 9990 | Network loss: 9.56
(['male', 'male', 'female', 'male'],) ---> adoment
Iteration 10000 | Network loss: 9.81
(['TRANSFERRED', 'APPROVED', 'APPROVED'],) ---> APPROVED
