Namespace(batch_size=300, cell_type='LSTM', data_file='./data/csv_900.p', embedding_size=16, file=None, hidden_size=64, max_examples=1, max_length=15, min_examples=1, min_iterations=1000, n_examples=100, n_tasks=25, skip_tasks=0)
Loading csv_900.p, ignoring data params.
Created network
/om/user/lbh/text-patterns/pinn/robustfill.py:109: UserWarning: invalid index of a 0-dim tensor. This will be an error in PyTorch 0.5. Use tensor.item() to convert a 0-dim tensor to a Python number
  return score.data[0]

Calculating train_seen error
0 / 100
10 / 100
20 / 100
30 / 100
40 / 100
50 / 100
60 / 100
70 / 100
80 / 100
90 / 100
Score: -34.35194570541382

Calculating train_unseen error
0 / 100
10 / 100
20 / 100
30 / 100
40 / 100
50 / 100
60 / 100
70 / 100
80 / 100
90 / 100
Score: -34.31676612854004

Calculating test error
0 / 100
10 / 100
20 / 100
30 / 100
40 / 100
50 / 100
60 / 100
70 / 100
80 / 100
90 / 100
Score: -40.025389213562015
Scores: seen -34.35194570541382 unseen -34.31676612854004 test -40.025389213562015
Iteration 10 | Network loss: 35.21
(['Fixed'],) ---> :/5SK|a:}h
Iteration 20 | Network loss: 31.75
(['freehold'],) ---> wey 6dG%`
Iteration 30 | Network loss: 29.85
(['70'],) ---> 9jg'13& 5.
Iteration 40 | Network loss: 28.57
(['1083'],) ---> L=$Bk8:k00
Iteration 50 | Network loss: 29.09
(['38614'],) ---> 	2q+	0A4l
Iteration 60 | Network loss: 27.78
(['NGT'],) ---> 83
Iteration 70 | Network loss: 26.32
(['DL7 9HW'],) ---> 0 0meL26TG
Iteration 80 | Network loss: 26.93
(['u'],) ---> 
Iteration 90 | Network loss: 26.27
(['Leasehold'],) ---> eE-GQ
Iteration 100 | Network loss: 25.45
(['Brooklyn'],) ---> 083i0
Iteration 110 | Network loss: 24.28
(['DAP-2590'],) ---> 2 006500
Iteration 120 | Network loss: 24.60
(['NGL'],) ---> t22
Iteration 130 | Network loss: 24.58
(['475'],) ---> N9L25sC
Iteration 140 | Network loss: 26.34
(['96.8'],) ---> 8P2c
Iteration 150 | Network loss: 24.59
(['18735'],) ---> gp0137L/
Iteration 160 | Network loss: 24.53
(['B'],) ---> 2-o9XD
Iteration 170 | Network loss: 24.38
(['0.0717300218'],) ---> 
Iteration 180 | Network loss: 24.67
(['K58610'],) ---> 9
Iteration 190 | Network loss: 25.13
(['1930 Lisbon St'],) ---> 1E56=0
Iteration 200 | Network loss: 23.72
(['Fixed'],) ---> *N s7EE
Iteration 210 | Network loss: 24.02
(['0.929009784'],) ---> A;24012879
Iteration 220 | Network loss: 24.53
(['-84.21942'],) ---> 11060XAc08
Iteration 230 | Network loss: 23.43
(['395675'],) ---> NM4S5-1
Iteration 240 | Network loss: 22.64
(['AL4288-1a'],) ---> 54th037x
Iteration 250 | Network loss: 23.76
(['8492'],) ---> 100tW
Iteration 260 | Network loss: 23.41
(['166.6'],) ---> 08(
Iteration 270 | Network loss: 22.64
(['31.999999932'],) ---> 07G-a09421
Iteration 280 | Network loss: 22.65
(['1176846'],) ---> 5N03T01
Iteration 290 | Network loss: 23.67
(['14141'],) ---> a446
Iteration 300 | Network loss: 22.41
(['100052173494'],) ---> 2000h6$600
Iteration 310 | Network loss: 22.13
(['148.100000'],) ---> 35
Iteration 320 | Network loss: 22.45
(['84'],) ---> .6
Iteration 330 | Network loss: 22.31
(['US'],) ---> F2"a8
Iteration 340 | Network loss: 23.11
(['3136G2SU2'],) ---> 148425o 
Iteration 350 | Network loss: 22.18
(['4.5'],) ---> 0517
Iteration 360 | Network loss: 21.87
(['cost'],) ---> 6d
Iteration 370 | Network loss: 22.41
(['-82.448799'],) ---> 2.
Iteration 380 | Network loss: 21.70
(['17'],) ---> 36
Iteration 390 | Network loss: 20.94
(['2'],) ---> 7
Iteration 400 | Network loss: 21.32
(['TRUE'],) ---> 5in
Iteration 410 | Network loss: 21.00
(['$30000000'],) ---> '-695.0X.X
Iteration 420 | Network loss: 21.50
(['347-2378'],) ---> 05
Iteration 430 | Network loss: 20.36
(['Ennis'],) ---> UJouiltlim
Iteration 440 | Network loss: 21.34
(['2000130'],) ---> ZV340006e
Iteration 450 | Network loss: 20.67
(['304683'],) ---> 6412
Iteration 460 | Network loss: 21.30
(['PF3D7_1322100'],) ---> A1># RO3O4
Iteration 470 | Network loss: 20.73
(['US'],) ---> CT
Iteration 480 | Network loss: 20.59
(['08.02.2016'],) ---> 6091835R02
Iteration 490 | Network loss: 20.03
(['PAL00557'],) ---> 3N6A1.9
Iteration 500 | Network loss: 20.96
(['568'],) ---> 00.0

Calculating train_seen error
0 / 100
10 / 100
20 / 100
30 / 100
40 / 100
50 / 100
60 / 100
70 / 100
80 / 100
90 / 100
Score: -20.387936496734618

Calculating train_unseen error
0 / 100
10 / 100
20 / 100
30 / 100
40 / 100
50 / 100
60 / 100
70 / 100
80 / 100
90 / 100
Score: -20.42027795791626

Calculating test error
0 / 100
10 / 100
20 / 100
30 / 100
40 / 100
50 / 100
60 / 100
70 / 100
80 / 100
90 / 100
Score: -26.384941711425782
Scores: seen -20.387936496734618 unseen -20.42027795791626 test -26.384941711425782
Iteration 510 | Network loss: 20.52
(['734841.2531'],) ---> 956075/$07
Iteration 520 | Network loss: 18.97
(['245'],) ---> 702
Iteration 530 | Network loss: 19.50
(['S0'],) ---> A0
Iteration 540 | Network loss: 21.18
(['-118.2002522'],) ---> 5074696702
Iteration 550 | Network loss: 19.18
(['106'],) ---> V/3
Iteration 560 | Network loss: 19.48
(['PMC'],) ---> p9
Iteration 570 | Network loss: 20.11
(['$1,067'],) ---> 1860
Iteration 580 | Network loss: 19.86
(['A2'],) ---> IC
Iteration 590 | Network loss: 19.58
(['BERM'],) ---> DM
Iteration 600 | Network loss: 18.93
(['RETAIL SALES'],) ---> TN[IEP YE
Iteration 610 | Network loss: 20.10
(['40LDV04'],) ---> TA0C.S6
Iteration 620 | Network loss: 19.98
(['Not Online'],) ---> FrugcoeeQ
Iteration 630 | Network loss: 20.85
(['06.10.2014'],) ---> 26.6941017
Iteration 640 | Network loss: 19.60
(['Adult'],) ---> Rgcniie}
Iteration 650 | Network loss: 18.73
(['Pf3D7_08_v3'],) ---> 41:R9000l
Iteration 660 | Network loss: 18.96
(['7FMXR0170GAL'],) ---> 11N.102B09
Iteration 670 | Network loss: 21.10
(['3FMXA05.4HJD'],) ---> 30LNEA1NT6
Iteration 680 | Network loss: 19.83
(['428326912'],) ---> 10/1
Iteration 690 | Network loss: 19.30
(['L'],) ---> l
Iteration 700 | Network loss: 20.42
(['5.74'],) ---> 85
Iteration 710 | Network loss: 20.89
(['1310208373225'],) ---> 8521547001
Iteration 720 | Network loss: 19.34
(['yes'],) ---> rrene4
Iteration 730 | Network loss: 18.50
(['107.95'],) ---> 0.270
Iteration 740 | Network loss: 18.52
(['260825'],) ---> -45990206
Iteration 750 | Network loss: 19.41
(['52.4544'],) ---> 253843.54.
Iteration 760 | Network loss: 19.55
(['F'],) ---> 6
Iteration 770 | Network loss: 20.27
(['39311'],) ---> 3413
Iteration 780 | Network loss: 19.71
(['7347.4992'],) ---> 293-08.437
Iteration 790 | Network loss: 19.00
(['1.65'],) ---> 8l
Iteration 800 | Network loss: 18.59
(['2'],) ---> 0
Iteration 810 | Network loss: 19.42
(['43.948906'],) ---> 0114803300
Iteration 820 | Network loss: 19.13
(['15.22'],) ---> 0.19
Iteration 830 | Network loss: 19.56
(['28.668205'],) ---> 112.26804
Iteration 840 | Network loss: 18.85
(['14.05.2010'],) ---> 1854.5000
Iteration 850 | Network loss: 18.94
(['17.940000'],) ---> 30-032016
Iteration 860 | Network loss: 18.66
(['K49'],) ---> NN0
Iteration 870 | Network loss: 18.17
(['150155264'],) ---> 111508016i
Iteration 880 | Network loss: 17.94
(['139229'],) ---> 2.761
Iteration 890 | Network loss: 19.53
(['-92.03768778'],) ---> 217
Iteration 900 | Network loss: 20.19
(['01/11/2016'],) ---> 73"2790360
Iteration 910 | Network loss: 18.97
(['M1 2GH'],) ---> 9
Iteration 920 | Network loss: 19.77
(['1'],) ---> 5
Iteration 930 | Network loss: 17.69
(['R'],) ---> A9
Iteration 940 | Network loss: 19.16
(['8596708120'],) ---> 1964715.14
Iteration 950 | Network loss: 19.08
(['A2'],) ---> F
Iteration 960 | Network loss: 19.16
(['Nondemented'],) ---> Aohmoosd
Iteration 970 | Network loss: 17.93
(['OAS2_0053_MR1'],) ---> SEL3T20NAY
Iteration 980 | Network loss: 17.83
(['Low'],) ---> Utr
Iteration 990 | Network loss: 18.56
(['78.74'],) ---> 3.120
Iteration 1000 | Network loss: 18.53
(['14.03'],) ---> 59.74

Calculating train_seen error
0 / 100
10 / 100
20 / 100
30 / 100
40 / 100
50 / 100
60 / 100
70 / 100
80 / 100
90 / 100
Score: -18.491599502563478

Calculating train_unseen error
0 / 100
10 / 100
20 / 100
30 / 100
40 / 100
50 / 100
60 / 100
70 / 100
80 / 100
