Namespace(batch_size=500, cell_type='LSTM', data_file='./data/csv_900.p', embedding_size=16, file=None, hidden_size=64, max_examples=1, max_length=15, min_examples=1, min_iterations=1000, n_examples=100, n_tasks=25, skip_tasks=0)
Loading csv_900.p, ignoring data params.
Created network
/om/user/lbh/text-patterns/pinn/robustfill.py:109: UserWarning: invalid index of a 0-dim tensor. This will be an error in PyTorch 0.5. Use tensor.item() to convert a 0-dim tensor to a Python number
  return score.data[0]

Calculating train_seen error
0 / 100
10 / 100
20 / 100
30 / 100
40 / 100
50 / 100
60 / 100
70 / 100
80 / 100
90 / 100
Score: -34.596111907958985

Calculating train_unseen error
0 / 100
10 / 100
20 / 100
30 / 100
40 / 100
50 / 100
60 / 100
70 / 100
80 / 100
90 / 100
Score: -34.71214721679687

Calculating test error
0 / 100
10 / 100
20 / 100
30 / 100
40 / 100
50 / 100
60 / 100
70 / 100
80 / 100
90 / 100
Score: -40.39070705413818
Scores: seen -34.596111907958985 unseen -34.71214721679687 test -40.39070705413818
Iteration 10 | Network loss: 33.57
(['Apr-65'],) ---> Y/arBCxPv
Iteration 20 | Network loss: 34.12
(['1289107.0'],) ---> \h=|	".(]T
Iteration 30 | Network loss: 30.04
(['-2.321928024'],) ---> 0EA#t4/n#1
Iteration 40 | Network loss: 30.43
(['3.76'],) ---> .R,J0X614q
Iteration 50 | Network loss: 28.24
(['1600'],) ---> 4q>M3@"V;9
Iteration 60 | Network loss: 29.61
(['74.46'],) ---> -
Iteration 70 | Network loss: 28.19
(['67'],) ---> (v4E5Co34S
Iteration 80 | Network loss: 27.27
(['25'],) ---> 0#%n6H4462
Iteration 90 | Network loss: 26.53
(['-152.8334'],) ---> iP3
Iteration 100 | Network loss: 27.44
(['56594.72'],) ---> v463 6
Iteration 110 | Network loss: 25.73
(['33.83069'],) ---> 
Iteration 120 | Network loss: 26.66
(['48'],) ---> 05002<[69p
Iteration 130 | Network loss: 26.28
(['8'],) ---> 470\d
Iteration 140 | Network loss: 25.49
(['4BMXR0090E60'],) ---> 5343  $LS3
Iteration 150 | Network loss: 25.20
(['3136G2T56'],) ---> KaNVru/313
Iteration 160 | Network loss: 25.87
(['future'],) ---> M.17e591at
Iteration 170 | Network loss: 25.48
(['un'],) ---> P5 91s A
Iteration 180 | Network loss: 25.39
(['22v INC'],) ---> s0T
Iteration 190 | Network loss: 25.90
(['R'],) ---> 00
Iteration 200 | Network loss: 25.81
(['1'],) ---> F63
Iteration 210 | Network loss: 26.24
slurmstepd: error: *** JOB 10877652 ON node034 CANCELLED AT 2018-05-14T16:30:52 ***
